{"C:\\Users\\Hp\\Desktop\\software-engineering-project\\backend\\app.js": {"path":"C:\\Users\\Hp\\Desktop\\software-engineering-project\\backend\\app.js","statementMap":{"0":{"start":{"line":1,"column":16},"end":{"line":1,"column":34}},"1":{"start":{"line":2,"column":0},"end":{"line":2,"column":32}},"2":{"start":{"line":3,"column":13},"end":{"line":3,"column":28}},"3":{"start":{"line":4,"column":12},"end":{"line":4,"column":21}},"4":{"start":{"line":5,"column":11},"end":{"line":5,"column":26}},"5":{"start":{"line":7,"column":22},"end":{"line":7,"column":55}},"6":{"start":{"line":8,"column":24},"end":{"line":8,"column":59}},"7":{"start":{"line":9,"column":20},"end":{"line":9,"column":51}},"8":{"start":{"line":10,"column":20},"end":{"line":10,"column":51}},"9":{"start":{"line":11,"column":21},"end":{"line":11,"column":53}},"10":{"start":{"line":12,"column":23},"end":{"line":12,"column":57}},"11":{"start":{"line":13,"column":20},"end":{"line":13,"column":51}},"12":{"start":{"line":14,"column":21},"end":{"line":14,"column":52}},"13":{"start":{"line":17,"column":0},"end":{"line":17,"column":24}},"14":{"start":{"line":18,"column":0},"end":{"line":22,"column":2}},"15":{"start":{"line":23,"column":0},"end":{"line":23,"column":16}},"16":{"start":{"line":26,"column":0},"end":{"line":26,"column":35}},"17":{"start":{"line":27,"column":0},"end":{"line":27,"column":39}},"18":{"start":{"line":28,"column":0},"end":{"line":28,"column":31}},"19":{"start":{"line":29,"column":0},"end":{"line":29,"column":31}},"20":{"start":{"line":30,"column":0},"end":{"line":30,"column":33}},"21":{"start":{"line":31,"column":0},"end":{"line":31,"column":37}},"22":{"start":{"line":32,"column":0},"end":{"line":32,"column":31}},"23":{"start":{"line":33,"column":0},"end":{"line":33,"column":22}},"24":{"start":{"line":36,"column":0},"end":{"line":38,"column":3}},"25":{"start":{"line":37,"column":2},"end":{"line":37,"column":38}},"26":{"start":{"line":39,"column":0},"end":{"line":41,"column":3}},"27":{"start":{"line":40,"column":2},"end":{"line":40,"column":19}},"28":{"start":{"line":48,"column":0},"end":{"line":48,"column":21}}},"fnMap":{"0":{"name":"(anonymous_0)","decl":{"start":{"line":36,"column":16},"end":{"line":36,"column":17}},"loc":{"start":{"line":36,"column":28},"end":{"line":38,"column":1}},"line":36},"1":{"name":"(anonymous_1)","decl":{"start":{"line":39,"column":15},"end":{"line":39,"column":16}},"loc":{"start":{"line":39,"column":30},"end":{"line":41,"column":1}},"line":39}},"branchMap":{},"s":{"0":11,"1":11,"2":11,"3":11,"4":11,"5":11,"6":11,"7":11,"8":11,"9":11,"10":11,"11":11,"12":11,"13":11,"14":11,"15":11,"16":11,"17":11,"18":11,"19":11,"20":11,"21":11,"22":11,"23":11,"24":11,"25":11,"26":11,"27":0,"28":11},"f":{"0":11,"1":0},"b":{},"_coverageSchema":"1a1c01bbd47fc00a2c39e90264f33305004495a9","hash":"9820d3bb727a0b3762485302644b973a526ab904"}
,"C:\\Users\\Hp\\Desktop\\software-engineering-project\\backend\\db.js": {"path":"C:\\Users\\Hp\\Desktop\\software-engineering-project\\backend\\db.js","statementMap":{"0":{"start":{"line":1,"column":17},"end":{"line":1,"column":36}},"1":{"start":{"line":2,"column":21},"end":{"line":2,"column":41}},"2":{"start":{"line":4,"column":0},"end":{"line":9,"column":3}},"3":{"start":{"line":10,"column":0},"end":{"line":10,"column":22}},"4":{"start":{"line":11,"column":9},"end":{"line":11,"column":28}},"5":{"start":{"line":13,"column":0},"end":{"line":13,"column":20}}},"fnMap":{},"branchMap":{},"s":{"0":11,"1":11,"2":11,"3":11,"4":11,"5":11},"f":{},"b":{},"_coverageSchema":"1a1c01bbd47fc00a2c39e90264f33305004495a9","hash":"79ab963a5d7956f6cac0b69cb12f3945468e6ba9"}
,"C:\\Users\\Hp\\Desktop\\software-engineering-project\\backend\\strings.js": {"path":"C:\\Users\\Hp\\Desktop\\software-engineering-project\\backend\\strings.js","statementMap":{"0":{"start":{"line":3,"column":0},"end":{"line":11,"column":100}},"1":{"start":{"line":4,"column":2},"end":{"line":5,"column":95}},"2":{"start":{"line":6,"column":5},"end":{"line":11,"column":100}},"3":{"start":{"line":7,"column":2},"end":{"line":8,"column":95}},"4":{"start":{"line":9,"column":5},"end":{"line":11,"column":100}},"5":{"start":{"line":10,"column":2},"end":{"line":11,"column":100}},"6":{"start":{"line":13,"column":12},"end":{"line":13,"column":46}},"7":{"start":{"line":15,"column":25},"end":{"line":18,"column":1}},"8":{"start":{"line":20,"column":0},"end":{"line":24,"column":2}}},"fnMap":{},"branchMap":{"0":{"loc":{"start":{"line":3,"column":0},"end":{"line":11,"column":100}},"type":"if","locations":[{"start":{"line":3,"column":0},"end":{"line":11,"column":100}},{"start":{"line":3,"column":0},"end":{"line":11,"column":100}}],"line":3},"1":{"loc":{"start":{"line":6,"column":5},"end":{"line":11,"column":100}},"type":"if","locations":[{"start":{"line":6,"column":5},"end":{"line":11,"column":100}},{"start":{"line":6,"column":5},"end":{"line":11,"column":100}}],"line":6},"2":{"loc":{"start":{"line":9,"column":5},"end":{"line":11,"column":100}},"type":"if","locations":[{"start":{"line":9,"column":5},"end":{"line":11,"column":100}},{"start":{"line":9,"column":5},"end":{"line":11,"column":100}}],"line":9}},"s":{"0":11,"1":0,"2":11,"3":0,"4":11,"5":11,"6":11,"7":11,"8":11},"f":{},"b":{"0":[0,11],"1":[0,11],"2":[11,0]},"_coverageSchema":"1a1c01bbd47fc00a2c39e90264f33305004495a9","hash":"b5059ff75019010c6c785e36198ef0a477b4290f"}
,"C:\\Users\\Hp\\Desktop\\software-engineering-project\\backend\\controllers\\adminController.js": {"path":"C:\\Users\\Hp\\Desktop\\software-engineering-project\\backend\\controllers\\adminController.js","statementMap":{"0":{"start":{"line":1,"column":15},"end":{"line":1,"column":32}},"1":{"start":{"line":2,"column":17},"end":{"line":2,"column":36}},"2":{"start":{"line":3,"column":22},"end":{"line":3,"column":45}},"3":{"start":{"line":4,"column":14},"end":{"line":4,"column":40}},"4":{"start":{"line":5,"column":17},"end":{"line":5,"column":46}},"5":{"start":{"line":6,"column":18},"end":{"line":6,"column":48}},"6":{"start":{"line":7,"column":14},"end":{"line":7,"column":40}},"7":{"start":{"line":8,"column":15},"end":{"line":8,"column":42}},"8":{"start":{"line":9,"column":17},"end":{"line":9,"column":46}},"9":{"start":{"line":10,"column":32},"end":{"line":10,"column":61}},"10":{"start":{"line":13,"column":18},"end":{"line":59,"column":1}},"11":{"start":{"line":14,"column":14},"end":{"line":14,"column":28}},"12":{"start":{"line":15,"column":17},"end":{"line":15,"column":34}},"13":{"start":{"line":16,"column":2},"end":{"line":58,"column":3}},"14":{"start":{"line":17,"column":4},"end":{"line":19,"column":7}},"15":{"start":{"line":21,"column":4},"end":{"line":57,"column":7}},"16":{"start":{"line":24,"column":6},"end":{"line":27,"column":7}},"17":{"start":{"line":25,"column":8},"end":{"line":25,"column":25}},"18":{"start":{"line":26,"column":8},"end":{"line":26,"column":35}},"19":{"start":{"line":28,"column":6},"end":{"line":56,"column":7}},"20":{"start":{"line":29,"column":8},"end":{"line":51,"column":11}},"21":{"start":{"line":30,"column":10},"end":{"line":50,"column":11}},"22":{"start":{"line":31,"column":12},"end":{"line":47,"column":14}},"23":{"start":{"line":38,"column":16},"end":{"line":41,"column":17}},"24":{"start":{"line":39,"column":18},"end":{"line":39,"column":35}},"25":{"start":{"line":40,"column":18},"end":{"line":40,"column":45}},"26":{"start":{"line":42,"column":34},"end":{"line":42,"column":36}},"27":{"start":{"line":43,"column":16},"end":{"line":43,"column":44}},"28":{"start":{"line":44,"column":16},"end":{"line":44,"column":41}},"29":{"start":{"line":45,"column":16},"end":{"line":45,"column":38}},"30":{"start":{"line":49,"column":12},"end":{"line":49,"column":32}},"31":{"start":{"line":53,"column":8},"end":{"line":55,"column":11}},"32":{"start":{"line":62,"column":23},"end":{"line":85,"column":1}},"33":{"start":{"line":63,"column":13},"end":{"line":63,"column":24}},"34":{"start":{"line":64,"column":2},"end":{"line":65,"column":56}},"35":{"start":{"line":65,"column":4},"end":{"line":65,"column":56}},"36":{"start":{"line":67,"column":16},"end":{"line":67,"column":40}},"37":{"start":{"line":68,"column":2},"end":{"line":68,"column":66}},"38":{"start":{"line":68,"column":14},"end":{"line":68,"column":66}},"39":{"start":{"line":70,"column":21},"end":{"line":70,"column":29}},"40":{"start":{"line":71,"column":2},"end":{"line":72,"column":75}},"41":{"start":{"line":72,"column":4},"end":{"line":72,"column":75}},"42":{"start":{"line":74,"column":25},"end":{"line":74,"column":51}},"43":{"start":{"line":75,"column":2},"end":{"line":83,"column":3}},"44":{"start":{"line":76,"column":4},"end":{"line":76,"column":40}},"45":{"start":{"line":77,"column":4},"end":{"line":77,"column":32}},"46":{"start":{"line":79,"column":20},"end":{"line":81,"column":6}},"47":{"start":{"line":82,"column":4},"end":{"line":82,"column":25}},"48":{"start":{"line":84,"column":2},"end":{"line":84,"column":24}},"49":{"start":{"line":88,"column":23},"end":{"line":117,"column":1}},"50":{"start":{"line":89,"column":13},"end":{"line":89,"column":24}},"51":{"start":{"line":90,"column":2},"end":{"line":91,"column":56}},"52":{"start":{"line":91,"column":4},"end":{"line":91,"column":56}},"53":{"start":{"line":93,"column":16},"end":{"line":93,"column":40}},"54":{"start":{"line":94,"column":2},"end":{"line":94,"column":66}},"55":{"start":{"line":94,"column":14},"end":{"line":94,"column":66}},"56":{"start":{"line":96,"column":23},"end":{"line":96,"column":31}},"57":{"start":{"line":97,"column":2},"end":{"line":100,"column":64}},"58":{"start":{"line":98,"column":4},"end":{"line":100,"column":64}},"59":{"start":{"line":102,"column":2},"end":{"line":114,"column":3}},"60":{"start":{"line":103,"column":4},"end":{"line":103,"column":23}},"61":{"start":{"line":104,"column":21},"end":{"line":104,"column":31}},"62":{"start":{"line":105,"column":25},"end":{"line":105,"column":56}},"63":{"start":{"line":106,"column":15},"end":{"line":111,"column":6}},"64":{"start":{"line":112,"column":4},"end":{"line":112,"column":22}},"65":{"start":{"line":113,"column":4},"end":{"line":113,"column":43}},"66":{"start":{"line":116,"column":2},"end":{"line":116,"column":24}},"67":{"start":{"line":120,"column":27},"end":{"line":149,"column":1}},"68":{"start":{"line":121,"column":13},"end":{"line":121,"column":24}},"69":{"start":{"line":122,"column":2},"end":{"line":123,"column":56}},"70":{"start":{"line":123,"column":4},"end":{"line":123,"column":56}},"71":{"start":{"line":125,"column":16},"end":{"line":125,"column":40}},"72":{"start":{"line":126,"column":2},"end":{"line":126,"column":66}},"73":{"start":{"line":126,"column":14},"end":{"line":126,"column":66}},"74":{"start":{"line":128,"column":29},"end":{"line":128,"column":37}},"75":{"start":{"line":129,"column":2},"end":{"line":132,"column":64}},"76":{"start":{"line":130,"column":4},"end":{"line":132,"column":64}},"77":{"start":{"line":134,"column":22},"end":{"line":134,"column":79}},"78":{"start":{"line":135,"column":21},"end":{"line":135,"column":23}},"79":{"start":{"line":136,"column":2},"end":{"line":138,"column":5}},"80":{"start":{"line":137,"column":4},"end":{"line":137,"column":37}},"81":{"start":{"line":140,"column":2},"end":{"line":141,"column":71}},"82":{"start":{"line":141,"column":4},"end":{"line":141,"column":71}},"83":{"start":{"line":142,"column":16},"end":{"line":146,"column":4}},"84":{"start":{"line":147,"column":20},"end":{"line":147,"column":38}},"85":{"start":{"line":148,"column":2},"end":{"line":148,"column":34}},"86":{"start":{"line":152,"column":27},"end":{"line":174,"column":1}},"87":{"start":{"line":153,"column":25},"end":{"line":153,"column":28}},"88":{"start":{"line":154,"column":16},"end":{"line":154,"column":45}},"89":{"start":{"line":155,"column":2},"end":{"line":155,"column":66}},"90":{"start":{"line":155,"column":14},"end":{"line":155,"column":66}},"91":{"start":{"line":156,"column":16},"end":{"line":156,"column":51}},"92":{"start":{"line":158,"column":39},"end":{"line":158,"column":43}},"93":{"start":{"line":160,"column":2},"end":{"line":167,"column":3}},"94":{"start":{"line":161,"column":20},"end":{"line":161,"column":22}},"95":{"start":{"line":162,"column":4},"end":{"line":165,"column":5}},"96":{"start":{"line":163,"column":24},"end":{"line":163,"column":58}},"97":{"start":{"line":164,"column":6},"end":{"line":164,"column":36}},"98":{"start":{"line":166,"column":4},"end":{"line":166,"column":30}},"99":{"start":{"line":169,"column":2},"end":{"line":171,"column":3}},"100":{"start":{"line":170,"column":4},"end":{"line":170,"column":28}},"101":{"start":{"line":172,"column":2},"end":{"line":172,"column":21}},"102":{"start":{"line":173,"column":2},"end":{"line":173,"column":30}},"103":{"start":{"line":177,"column":29},"end":{"line":183,"column":1}},"104":{"start":{"line":178,"column":19},"end":{"line":178,"column":22}},"105":{"start":{"line":179,"column":16},"end":{"line":179,"column":45}},"106":{"start":{"line":180,"column":2},"end":{"line":180,"column":66}},"107":{"start":{"line":180,"column":14},"end":{"line":180,"column":66}},"108":{"start":{"line":181,"column":16},"end":{"line":181,"column":60}},"109":{"start":{"line":182,"column":2},"end":{"line":182,"column":24}},"110":{"start":{"line":186,"column":31},"end":{"line":198,"column":1}},"111":{"start":{"line":187,"column":19},"end":{"line":187,"column":22}},"112":{"start":{"line":188,"column":16},"end":{"line":188,"column":45}},"113":{"start":{"line":189,"column":2},"end":{"line":189,"column":66}},"114":{"start":{"line":189,"column":14},"end":{"line":189,"column":66}},"115":{"start":{"line":190,"column":18},"end":{"line":192,"column":68}},"116":{"start":{"line":193,"column":20},"end":{"line":196,"column":24}},"117":{"start":{"line":197,"column":2},"end":{"line":197,"column":67}},"118":{"start":{"line":200,"column":0},"end":{"line":208,"column":2}}},"fnMap":{"0":{"name":"(anonymous_0)","decl":{"start":{"line":13,"column":18},"end":{"line":13,"column":19}},"loc":{"start":{"line":13,"column":38},"end":{"line":59,"column":1}},"line":13},"1":{"name":"(anonymous_1)","decl":{"start":{"line":23,"column":15},"end":{"line":23,"column":16}},"loc":{"start":{"line":23,"column":37},"end":{"line":57,"column":5}},"line":23},"2":{"name":"(anonymous_2)","decl":{"start":{"line":29,"column":54},"end":{"line":29,"column":55}},"loc":{"start":{"line":29,"column":66},"end":{"line":51,"column":9}},"line":29},"3":{"name":"(anonymous_3)","decl":{"start":{"line":37,"column":14},"end":{"line":37,"column":15}},"loc":{"start":{"line":37,"column":30},"end":{"line":46,"column":15}},"line":37},"4":{"name":"(anonymous_4)","decl":{"start":{"line":62,"column":23},"end":{"line":62,"column":24}},"loc":{"start":{"line":62,"column":43},"end":{"line":85,"column":1}},"line":62},"5":{"name":"(anonymous_5)","decl":{"start":{"line":88,"column":23},"end":{"line":88,"column":24}},"loc":{"start":{"line":88,"column":43},"end":{"line":117,"column":1}},"line":88},"6":{"name":"(anonymous_6)","decl":{"start":{"line":120,"column":27},"end":{"line":120,"column":28}},"loc":{"start":{"line":120,"column":47},"end":{"line":149,"column":1}},"line":120},"7":{"name":"(anonymous_7)","decl":{"start":{"line":136,"column":22},"end":{"line":136,"column":23}},"loc":{"start":{"line":136,"column":37},"end":{"line":138,"column":3}},"line":136},"8":{"name":"(anonymous_8)","decl":{"start":{"line":152,"column":27},"end":{"line":152,"column":28}},"loc":{"start":{"line":152,"column":47},"end":{"line":174,"column":1}},"line":152},"9":{"name":"(anonymous_9)","decl":{"start":{"line":177,"column":29},"end":{"line":177,"column":30}},"loc":{"start":{"line":177,"column":49},"end":{"line":183,"column":1}},"line":177},"10":{"name":"(anonymous_10)","decl":{"start":{"line":186,"column":31},"end":{"line":186,"column":32}},"loc":{"start":{"line":186,"column":51},"end":{"line":198,"column":1}},"line":186}},"branchMap":{"0":{"loc":{"start":{"line":16,"column":2},"end":{"line":58,"column":3}},"type":"if","locations":[{"start":{"line":16,"column":2},"end":{"line":58,"column":3}},{"start":{"line":16,"column":2},"end":{"line":58,"column":3}}],"line":16},"1":{"loc":{"start":{"line":16,"column":8},"end":{"line":16,"column":25}},"type":"binary-expr","locations":[{"start":{"line":16,"column":8},"end":{"line":16,"column":13}},{"start":{"line":16,"column":17},"end":{"line":16,"column":25}}],"line":16},"2":{"loc":{"start":{"line":24,"column":6},"end":{"line":27,"column":7}},"type":"if","locations":[{"start":{"line":24,"column":6},"end":{"line":27,"column":7}},{"start":{"line":24,"column":6},"end":{"line":27,"column":7}}],"line":24},"3":{"loc":{"start":{"line":28,"column":6},"end":{"line":56,"column":7}},"type":"if","locations":[{"start":{"line":28,"column":6},"end":{"line":56,"column":7}},{"start":{"line":28,"column":6},"end":{"line":56,"column":7}}],"line":28},"4":{"loc":{"start":{"line":30,"column":10},"end":{"line":50,"column":11}},"type":"if","locations":[{"start":{"line":30,"column":10},"end":{"line":50,"column":11}},{"start":{"line":30,"column":10},"end":{"line":50,"column":11}}],"line":30},"5":{"loc":{"start":{"line":38,"column":16},"end":{"line":41,"column":17}},"type":"if","locations":[{"start":{"line":38,"column":16},"end":{"line":41,"column":17}},{"start":{"line":38,"column":16},"end":{"line":41,"column":17}}],"line":38},"6":{"loc":{"start":{"line":64,"column":2},"end":{"line":65,"column":56}},"type":"if","locations":[{"start":{"line":64,"column":2},"end":{"line":65,"column":56}},{"start":{"line":64,"column":2},"end":{"line":65,"column":56}}],"line":64},"7":{"loc":{"start":{"line":64,"column":6},"end":{"line":64,"column":43}},"type":"binary-expr","locations":[{"start":{"line":64,"column":6},"end":{"line":64,"column":9}},{"start":{"line":64,"column":13},"end":{"line":64,"column":43}}],"line":64},"8":{"loc":{"start":{"line":68,"column":2},"end":{"line":68,"column":66}},"type":"if","locations":[{"start":{"line":68,"column":2},"end":{"line":68,"column":66}},{"start":{"line":68,"column":2},"end":{"line":68,"column":66}}],"line":68},"9":{"loc":{"start":{"line":71,"column":2},"end":{"line":72,"column":75}},"type":"if","locations":[{"start":{"line":71,"column":2},"end":{"line":72,"column":75}},{"start":{"line":71,"column":2},"end":{"line":72,"column":75}}],"line":71},"10":{"loc":{"start":{"line":75,"column":2},"end":{"line":83,"column":3}},"type":"if","locations":[{"start":{"line":75,"column":2},"end":{"line":83,"column":3}},{"start":{"line":75,"column":2},"end":{"line":83,"column":3}}],"line":75},"11":{"loc":{"start":{"line":90,"column":2},"end":{"line":91,"column":56}},"type":"if","locations":[{"start":{"line":90,"column":2},"end":{"line":91,"column":56}},{"start":{"line":90,"column":2},"end":{"line":91,"column":56}}],"line":90},"12":{"loc":{"start":{"line":94,"column":2},"end":{"line":94,"column":66}},"type":"if","locations":[{"start":{"line":94,"column":2},"end":{"line":94,"column":66}},{"start":{"line":94,"column":2},"end":{"line":94,"column":66}}],"line":94},"13":{"loc":{"start":{"line":97,"column":2},"end":{"line":100,"column":64}},"type":"if","locations":[{"start":{"line":97,"column":2},"end":{"line":100,"column":64}},{"start":{"line":97,"column":2},"end":{"line":100,"column":64}}],"line":97},"14":{"loc":{"start":{"line":122,"column":2},"end":{"line":123,"column":56}},"type":"if","locations":[{"start":{"line":122,"column":2},"end":{"line":123,"column":56}},{"start":{"line":122,"column":2},"end":{"line":123,"column":56}}],"line":122},"15":{"loc":{"start":{"line":126,"column":2},"end":{"line":126,"column":66}},"type":"if","locations":[{"start":{"line":126,"column":2},"end":{"line":126,"column":66}},{"start":{"line":126,"column":2},"end":{"line":126,"column":66}}],"line":126},"16":{"loc":{"start":{"line":129,"column":2},"end":{"line":132,"column":64}},"type":"if","locations":[{"start":{"line":129,"column":2},"end":{"line":132,"column":64}},{"start":{"line":129,"column":2},"end":{"line":132,"column":64}}],"line":129},"17":{"loc":{"start":{"line":129,"column":6},"end":{"line":129,"column":24}},"type":"binary-expr","locations":[{"start":{"line":129,"column":6},"end":{"line":129,"column":15}},{"start":{"line":129,"column":19},"end":{"line":129,"column":24}}],"line":129},"18":{"loc":{"start":{"line":140,"column":2},"end":{"line":141,"column":71}},"type":"if","locations":[{"start":{"line":140,"column":2},"end":{"line":141,"column":71}},{"start":{"line":140,"column":2},"end":{"line":141,"column":71}}],"line":140},"19":{"loc":{"start":{"line":155,"column":2},"end":{"line":155,"column":66}},"type":"if","locations":[{"start":{"line":155,"column":2},"end":{"line":155,"column":66}},{"start":{"line":155,"column":2},"end":{"line":155,"column":66}}],"line":155},"20":{"loc":{"start":{"line":160,"column":2},"end":{"line":167,"column":3}},"type":"if","locations":[{"start":{"line":160,"column":2},"end":{"line":167,"column":3}},{"start":{"line":160,"column":2},"end":{"line":167,"column":3}}],"line":160},"21":{"loc":{"start":{"line":169,"column":2},"end":{"line":171,"column":3}},"type":"if","locations":[{"start":{"line":169,"column":2},"end":{"line":171,"column":3}},{"start":{"line":169,"column":2},"end":{"line":171,"column":3}}],"line":169},"22":{"loc":{"start":{"line":180,"column":2},"end":{"line":180,"column":66}},"type":"if","locations":[{"start":{"line":180,"column":2},"end":{"line":180,"column":66}},{"start":{"line":180,"column":2},"end":{"line":180,"column":66}}],"line":180},"23":{"loc":{"start":{"line":189,"column":2},"end":{"line":189,"column":66}},"type":"if","locations":[{"start":{"line":189,"column":2},"end":{"line":189,"column":66}},{"start":{"line":189,"column":2},"end":{"line":189,"column":66}}],"line":189}},"s":{"0":11,"1":11,"2":11,"3":11,"4":11,"5":11,"6":11,"7":11,"8":11,"9":11,"10":11,"11":5,"12":5,"13":5,"14":2,"15":3,"16":3,"17":0,"18":0,"19":3,"20":2,"21":2,"22":1,"23":1,"24":0,"25":0,"26":1,"27":1,"28":1,"29":1,"30":1,"31":1,"32":11,"33":3,"34":3,"35":1,"36":2,"37":2,"38":0,"39":2,"40":2,"41":1,"42":1,"43":1,"44":0,"45":0,"46":1,"47":1,"48":1,"49":11,"50":3,"51":3,"52":0,"53":3,"54":3,"55":0,"56":3,"57":3,"58":1,"59":2,"60":5,"61":5,"62":5,"63":5,"64":5,"65":4,"66":1,"67":11,"68":4,"69":4,"70":1,"71":3,"72":3,"73":1,"74":2,"75":2,"76":1,"77":1,"78":1,"79":1,"80":4,"81":1,"82":0,"83":1,"84":1,"85":1,"86":11,"87":4,"88":4,"89":4,"90":2,"91":2,"92":2,"93":2,"94":1,"95":1,"96":2,"97":2,"98":1,"99":2,"100":1,"101":2,"102":2,"103":11,"104":3,"105":3,"106":3,"107":2,"108":1,"109":1,"110":11,"111":2,"112":2,"113":2,"114":1,"115":1,"116":1,"117":1,"118":11},"f":{"0":5,"1":3,"2":2,"3":1,"4":3,"5":3,"6":4,"7":4,"8":4,"9":3,"10":2},"b":{"0":[2,3],"1":[5,5],"2":[0,3],"3":[2,1],"4":[1,1],"5":[0,1],"6":[1,2],"7":[3,2],"8":[0,2],"9":[1,1],"10":[0,1],"11":[0,3],"12":[0,3],"13":[1,2],"14":[1,3],"15":[1,2],"16":[1,1],"17":[2,1],"18":[0,1],"19":[2,2],"20":[1,1],"21":[1,1],"22":[2,1],"23":[1,1]},"_coverageSchema":"1a1c01bbd47fc00a2c39e90264f33305004495a9","hash":"f80299243ec3c7130c70352e6ffdf11f91eabe46"}
,"C:\\Users\\Hp\\Desktop\\software-engineering-project\\backend\\controllers\\appealController.js": {"path":"C:\\Users\\Hp\\Desktop\\software-engineering-project\\backend\\controllers\\appealController.js","statementMap":{"0":{"start":{"line":1,"column":18},"end":{"line":1,"column":48}},"1":{"start":{"line":2,"column":16},"end":{"line":2,"column":44}},"2":{"start":{"line":3,"column":15},"end":{"line":3,"column":42}},"3":{"start":{"line":4,"column":14},"end":{"line":4,"column":40}},"4":{"start":{"line":5,"column":14},"end":{"line":5,"column":40}},"5":{"start":{"line":8,"column":22},"end":{"line":55,"column":1}},"6":{"start":{"line":9,"column":19},"end":{"line":9,"column":22}},"7":{"start":{"line":10,"column":17},"end":{"line":10,"column":53}},"8":{"start":{"line":13,"column":2},"end":{"line":19,"column":3}},"9":{"start":{"line":14,"column":4},"end":{"line":14,"column":51}},"10":{"start":{"line":15,"column":9},"end":{"line":19,"column":3}},"11":{"start":{"line":16,"column":4},"end":{"line":16,"column":53}},"12":{"start":{"line":17,"column":9},"end":{"line":19,"column":3}},"13":{"start":{"line":18,"column":4},"end":{"line":18,"column":49}},"14":{"start":{"line":21,"column":2},"end":{"line":21,"column":76}},"15":{"start":{"line":21,"column":21},"end":{"line":21,"column":76}},"16":{"start":{"line":23,"column":2},"end":{"line":54,"column":3}},"17":{"start":{"line":24,"column":4},"end":{"line":30,"column":22}},"18":{"start":{"line":33,"column":4},"end":{"line":41,"column":5}},"19":{"start":{"line":37,"column":21},"end":{"line":37,"column":52}},"20":{"start":{"line":40,"column":6},"end":{"line":40,"column":61}},"21":{"start":{"line":43,"column":4},"end":{"line":43,"column":33}},"22":{"start":{"line":45,"column":4},"end":{"line":51,"column":5}},"23":{"start":{"line":50,"column":6},"end":{"line":50,"column":61}},"24":{"start":{"line":52,"column":4},"end":{"line":52,"column":80}},"25":{"start":{"line":53,"column":4},"end":{"line":53,"column":33}},"26":{"start":{"line":57,"column":25},"end":{"line":86,"column":1}},"27":{"start":{"line":58,"column":19},"end":{"line":58,"column":22}},"28":{"start":{"line":59,"column":17},"end":{"line":59,"column":76}},"29":{"start":{"line":61,"column":2},"end":{"line":70,"column":3}},"30":{"start":{"line":69,"column":4},"end":{"line":69,"column":59}},"31":{"start":{"line":72,"column":16},"end":{"line":72,"column":31}},"32":{"start":{"line":73,"column":22},"end":{"line":73,"column":24}},"33":{"start":{"line":74,"column":2},"end":{"line":83,"column":3}},"34":{"start":{"line":75,"column":17},"end":{"line":75,"column":32}},"35":{"start":{"line":76,"column":18},"end":{"line":78,"column":28}},"36":{"start":{"line":79,"column":4},"end":{"line":82,"column":7}},"37":{"start":{"line":80,"column":6},"end":{"line":80,"column":32}},"38":{"start":{"line":81,"column":6},"end":{"line":81,"column":30}},"39":{"start":{"line":84,"column":2},"end":{"line":84,"column":67}},"40":{"start":{"line":84,"column":32},"end":{"line":84,"column":64}},"41":{"start":{"line":85,"column":2},"end":{"line":85,"column":33}},"42":{"start":{"line":88,"column":0},"end":{"line":91,"column":2}}},"fnMap":{"0":{"name":"(anonymous_0)","decl":{"start":{"line":8,"column":22},"end":{"line":8,"column":23}},"loc":{"start":{"line":8,"column":42},"end":{"line":55,"column":1}},"line":8},"1":{"name":"(anonymous_1)","decl":{"start":{"line":37,"column":8},"end":{"line":37,"column":9}},"loc":{"start":{"line":37,"column":21},"end":{"line":37,"column":52}},"line":37},"2":{"name":"(anonymous_2)","decl":{"start":{"line":57,"column":25},"end":{"line":57,"column":26}},"loc":{"start":{"line":57,"column":45},"end":{"line":86,"column":1}},"line":57},"3":{"name":"(anonymous_3)","decl":{"start":{"line":79,"column":20},"end":{"line":79,"column":21}},"loc":{"start":{"line":79,"column":31},"end":{"line":82,"column":5}},"line":79},"4":{"name":"(anonymous_4)","decl":{"start":{"line":84,"column":21},"end":{"line":84,"column":22}},"loc":{"start":{"line":84,"column":32},"end":{"line":84,"column":64}},"line":84}},"branchMap":{"0":{"loc":{"start":{"line":13,"column":2},"end":{"line":19,"column":3}},"type":"if","locations":[{"start":{"line":13,"column":2},"end":{"line":19,"column":3}},{"start":{"line":13,"column":2},"end":{"line":19,"column":3}}],"line":13},"1":{"loc":{"start":{"line":15,"column":9},"end":{"line":19,"column":3}},"type":"if","locations":[{"start":{"line":15,"column":9},"end":{"line":19,"column":3}},{"start":{"line":15,"column":9},"end":{"line":19,"column":3}}],"line":15},"2":{"loc":{"start":{"line":17,"column":9},"end":{"line":19,"column":3}},"type":"if","locations":[{"start":{"line":17,"column":9},"end":{"line":19,"column":3}},{"start":{"line":17,"column":9},"end":{"line":19,"column":3}}],"line":17},"3":{"loc":{"start":{"line":21,"column":2},"end":{"line":21,"column":76}},"type":"if","locations":[{"start":{"line":21,"column":2},"end":{"line":21,"column":76}},{"start":{"line":21,"column":2},"end":{"line":21,"column":76}}],"line":21},"4":{"loc":{"start":{"line":23,"column":2},"end":{"line":54,"column":3}},"type":"if","locations":[{"start":{"line":23,"column":2},"end":{"line":54,"column":3}},{"start":{"line":23,"column":2},"end":{"line":54,"column":3}}],"line":23},"5":{"loc":{"start":{"line":33,"column":4},"end":{"line":41,"column":5}},"type":"if","locations":[{"start":{"line":33,"column":4},"end":{"line":41,"column":5}},{"start":{"line":33,"column":4},"end":{"line":41,"column":5}}],"line":33},"6":{"loc":{"start":{"line":34,"column":6},"end":{"line":38,"column":7}},"type":"binary-expr","locations":[{"start":{"line":34,"column":6},"end":{"line":34,"column":47}},{"start":{"line":35,"column":6},"end":{"line":35,"column":50}},{"start":{"line":36,"column":6},"end":{"line":38,"column":7}}],"line":34},"7":{"loc":{"start":{"line":45,"column":4},"end":{"line":51,"column":5}},"type":"if","locations":[{"start":{"line":45,"column":4},"end":{"line":51,"column":5}},{"start":{"line":45,"column":4},"end":{"line":51,"column":5}}],"line":45},"8":{"loc":{"start":{"line":46,"column":6},"end":{"line":48,"column":44}},"type":"binary-expr","locations":[{"start":{"line":46,"column":6},"end":{"line":46,"column":47}},{"start":{"line":47,"column":6},"end":{"line":47,"column":46}},{"start":{"line":48,"column":6},"end":{"line":48,"column":44}}],"line":46},"9":{"loc":{"start":{"line":61,"column":2},"end":{"line":70,"column":3}},"type":"if","locations":[{"start":{"line":61,"column":2},"end":{"line":70,"column":3}},{"start":{"line":61,"column":2},"end":{"line":70,"column":3}}],"line":61},"10":{"loc":{"start":{"line":63,"column":6},"end":{"line":66,"column":49}},"type":"binary-expr","locations":[{"start":{"line":63,"column":6},"end":{"line":63,"column":37}},{"start":{"line":64,"column":6},"end":{"line":64,"column":38}},{"start":{"line":65,"column":6},"end":{"line":65,"column":39}},{"start":{"line":66,"column":6},"end":{"line":66,"column":49}}],"line":63},"11":{"loc":{"start":{"line":84,"column":32},"end":{"line":84,"column":64}},"type":"cond-expr","locations":[{"start":{"line":84,"column":58},"end":{"line":84,"column":59}},{"start":{"line":84,"column":62},"end":{"line":84,"column":64}}],"line":84}},"s":{"0":11,"1":11,"2":11,"3":11,"4":11,"5":11,"6":15,"7":15,"8":15,"9":5,"10":10,"11":8,"12":2,"13":2,"14":15,"15":3,"16":12,"17":6,"18":6,"19":15,"20":2,"21":4,"22":6,"23":3,"24":3,"25":3,"26":11,"27":0,"28":0,"29":0,"30":0,"31":0,"32":0,"33":0,"34":0,"35":0,"36":0,"37":0,"38":0,"39":0,"40":0,"41":0,"42":11},"f":{"0":15,"1":15,"2":0,"3":0,"4":0},"b":{"0":[5,10],"1":[8,2],"2":[2,0],"3":[3,12],"4":[6,6],"5":[2,4],"6":[6,6,4],"7":[3,3],"8":[6,5,5],"9":[0,0],"10":[0,0,0,0],"11":[0,0]},"_coverageSchema":"1a1c01bbd47fc00a2c39e90264f33305004495a9","hash":"14cb47876c624b2660812c66045e9a1a8d1f7f23"}
,"C:\\Users\\Hp\\Desktop\\software-engineering-project\\backend\\controllers\\authorityController.js": {"path":"C:\\Users\\Hp\\Desktop\\software-engineering-project\\backend\\controllers\\authorityController.js","statementMap":{"0":{"start":{"line":1,"column":15},"end":{"line":1,"column":32}},"1":{"start":{"line":2,"column":18},"end":{"line":2,"column":48}},"2":{"start":{"line":3,"column":16},"end":{"line":3,"column":44}},"3":{"start":{"line":4,"column":14},"end":{"line":4,"column":40}},"4":{"start":{"line":5,"column":22},"end":{"line":5,"column":45}},"5":{"start":{"line":6,"column":14},"end":{"line":6,"column":40}},"6":{"start":{"line":7,"column":15},"end":{"line":7,"column":42}},"7":{"start":{"line":8,"column":17},"end":{"line":8,"column":46}},"8":{"start":{"line":12,"column":23},"end":{"line":28,"column":1}},"9":{"start":{"line":13,"column":17},"end":{"line":13,"column":25}},"10":{"start":{"line":14,"column":17},"end":{"line":14,"column":35}},"11":{"start":{"line":17,"column":2},"end":{"line":23,"column":3}},"12":{"start":{"line":18,"column":4},"end":{"line":18,"column":41}},"13":{"start":{"line":19,"column":9},"end":{"line":23,"column":3}},"14":{"start":{"line":20,"column":4},"end":{"line":20,"column":43}},"15":{"start":{"line":21,"column":9},"end":{"line":23,"column":3}},"16":{"start":{"line":22,"column":4},"end":{"line":22,"column":45}},"17":{"start":{"line":25,"column":2},"end":{"line":25,"column":73}},"18":{"start":{"line":25,"column":18},"end":{"line":25,"column":73}},"19":{"start":{"line":26,"column":22},"end":{"line":26,"column":46}},"20":{"start":{"line":27,"column":2},"end":{"line":27,"column":43}},"21":{"start":{"line":30,"column":22},"end":{"line":53,"column":1}},"22":{"start":{"line":31,"column":30},"end":{"line":31,"column":38}},"23":{"start":{"line":32,"column":2},"end":{"line":36,"column":3}},"24":{"start":{"line":33,"column":4},"end":{"line":35,"column":7}},"25":{"start":{"line":37,"column":20},"end":{"line":37,"column":54}},"26":{"start":{"line":38,"column":2},"end":{"line":38,"column":77}},"27":{"start":{"line":38,"column":18},"end":{"line":38,"column":77}},"28":{"start":{"line":39,"column":21},"end":{"line":39,"column":71}},"29":{"start":{"line":40,"column":2},"end":{"line":41,"column":66}},"30":{"start":{"line":41,"column":4},"end":{"line":41,"column":66}},"31":{"start":{"line":42,"column":16},"end":{"line":48,"column":3}},"32":{"start":{"line":49,"column":20},"end":{"line":49,"column":22}},"33":{"start":{"line":50,"column":2},"end":{"line":50,"column":30}},"34":{"start":{"line":51,"column":2},"end":{"line":51,"column":31}},"35":{"start":{"line":52,"column":2},"end":{"line":52,"column":24}},"36":{"start":{"line":56,"column":28},"end":{"line":75,"column":1}},"37":{"start":{"line":57,"column":19},"end":{"line":57,"column":22}},"38":{"start":{"line":58,"column":20},"end":{"line":58,"column":53}},"39":{"start":{"line":59,"column":2},"end":{"line":60,"column":71}},"40":{"start":{"line":60,"column":4},"end":{"line":60,"column":71}},"41":{"start":{"line":61,"column":19},"end":{"line":61,"column":57}},"42":{"start":{"line":62,"column":12},"end":{"line":62,"column":21}},"43":{"start":{"line":63,"column":2},"end":{"line":65,"column":5}},"44":{"start":{"line":64,"column":4},"end":{"line":64,"column":24}},"45":{"start":{"line":66,"column":18},"end":{"line":71,"column":11}},"46":{"start":{"line":73,"column":2},"end":{"line":73,"column":48}},"47":{"start":{"line":74,"column":2},"end":{"line":74,"column":27}},"48":{"start":{"line":78,"column":30},"end":{"line":96,"column":1}},"49":{"start":{"line":79,"column":19},"end":{"line":79,"column":22}},"50":{"start":{"line":80,"column":20},"end":{"line":80,"column":53}},"51":{"start":{"line":81,"column":2},"end":{"line":82,"column":71}},"52":{"start":{"line":82,"column":4},"end":{"line":82,"column":71}},"53":{"start":{"line":83,"column":19},"end":{"line":83,"column":57}},"54":{"start":{"line":84,"column":12},"end":{"line":84,"column":21}},"55":{"start":{"line":85,"column":2},"end":{"line":87,"column":5}},"56":{"start":{"line":86,"column":4},"end":{"line":86,"column":24}},"57":{"start":{"line":88,"column":20},"end":{"line":94,"column":11}},"58":{"start":{"line":95,"column":2},"end":{"line":95,"column":29}},"59":{"start":{"line":99,"column":19},"end":{"line":105,"column":1}},"60":{"start":{"line":100,"column":19},"end":{"line":100,"column":22}},"61":{"start":{"line":101,"column":20},"end":{"line":101,"column":53}},"62":{"start":{"line":102,"column":2},"end":{"line":102,"column":25}},"63":{"start":{"line":103,"column":2},"end":{"line":103,"column":47}},"64":{"start":{"line":103,"column":18},"end":{"line":103,"column":47}},"65":{"start":{"line":104,"column":2},"end":{"line":104,"column":34}},"66":{"start":{"line":108,"column":22},"end":{"line":123,"column":1}},"67":{"start":{"line":109,"column":25},"end":{"line":109,"column":28}},"68":{"start":{"line":110,"column":20},"end":{"line":118,"column":3}},"69":{"start":{"line":120,"column":2},"end":{"line":120,"column":47}},"70":{"start":{"line":120,"column":18},"end":{"line":120,"column":47}},"71":{"start":{"line":121,"column":2},"end":{"line":121,"column":25}},"72":{"start":{"line":122,"column":2},"end":{"line":122,"column":34}},"73":{"start":{"line":125,"column":0},"end":{"line":132,"column":2}}},"fnMap":{"0":{"name":"(anonymous_0)","decl":{"start":{"line":12,"column":23},"end":{"line":12,"column":24}},"loc":{"start":{"line":12,"column":43},"end":{"line":28,"column":1}},"line":12},"1":{"name":"(anonymous_1)","decl":{"start":{"line":30,"column":22},"end":{"line":30,"column":23}},"loc":{"start":{"line":30,"column":42},"end":{"line":53,"column":1}},"line":30},"2":{"name":"(anonymous_2)","decl":{"start":{"line":56,"column":28},"end":{"line":56,"column":29}},"loc":{"start":{"line":56,"column":48},"end":{"line":75,"column":1}},"line":56},"3":{"name":"(anonymous_3)","decl":{"start":{"line":63,"column":19},"end":{"line":63,"column":20}},"loc":{"start":{"line":63,"column":30},"end":{"line":65,"column":3}},"line":63},"4":{"name":"(anonymous_4)","decl":{"start":{"line":78,"column":30},"end":{"line":78,"column":31}},"loc":{"start":{"line":78,"column":50},"end":{"line":96,"column":1}},"line":78},"5":{"name":"(anonymous_5)","decl":{"start":{"line":85,"column":19},"end":{"line":85,"column":20}},"loc":{"start":{"line":85,"column":30},"end":{"line":87,"column":3}},"line":85},"6":{"name":"(anonymous_6)","decl":{"start":{"line":99,"column":19},"end":{"line":99,"column":20}},"loc":{"start":{"line":99,"column":39},"end":{"line":105,"column":1}},"line":99},"7":{"name":"(anonymous_7)","decl":{"start":{"line":108,"column":22},"end":{"line":108,"column":23}},"loc":{"start":{"line":108,"column":42},"end":{"line":123,"column":1}},"line":108}},"branchMap":{"0":{"loc":{"start":{"line":17,"column":2},"end":{"line":23,"column":3}},"type":"if","locations":[{"start":{"line":17,"column":2},"end":{"line":23,"column":3}},{"start":{"line":17,"column":2},"end":{"line":23,"column":3}}],"line":17},"1":{"loc":{"start":{"line":19,"column":9},"end":{"line":23,"column":3}},"type":"if","locations":[{"start":{"line":19,"column":9},"end":{"line":23,"column":3}},{"start":{"line":19,"column":9},"end":{"line":23,"column":3}}],"line":19},"2":{"loc":{"start":{"line":21,"column":9},"end":{"line":23,"column":3}},"type":"if","locations":[{"start":{"line":21,"column":9},"end":{"line":23,"column":3}},{"start":{"line":21,"column":9},"end":{"line":23,"column":3}}],"line":21},"3":{"loc":{"start":{"line":25,"column":2},"end":{"line":25,"column":73}},"type":"if","locations":[{"start":{"line":25,"column":2},"end":{"line":25,"column":73}},{"start":{"line":25,"column":2},"end":{"line":25,"column":73}}],"line":25},"4":{"loc":{"start":{"line":32,"column":2},"end":{"line":36,"column":3}},"type":"if","locations":[{"start":{"line":32,"column":2},"end":{"line":36,"column":3}},{"start":{"line":32,"column":2},"end":{"line":36,"column":3}}],"line":32},"5":{"loc":{"start":{"line":32,"column":8},"end":{"line":32,"column":25}},"type":"binary-expr","locations":[{"start":{"line":32,"column":8},"end":{"line":32,"column":13}},{"start":{"line":32,"column":17},"end":{"line":32,"column":25}}],"line":32},"6":{"loc":{"start":{"line":38,"column":2},"end":{"line":38,"column":77}},"type":"if","locations":[{"start":{"line":38,"column":2},"end":{"line":38,"column":77}},{"start":{"line":38,"column":2},"end":{"line":38,"column":77}}],"line":38},"7":{"loc":{"start":{"line":40,"column":2},"end":{"line":41,"column":66}},"type":"if","locations":[{"start":{"line":40,"column":2},"end":{"line":41,"column":66}},{"start":{"line":40,"column":2},"end":{"line":41,"column":66}}],"line":40},"8":{"loc":{"start":{"line":59,"column":2},"end":{"line":60,"column":71}},"type":"if","locations":[{"start":{"line":59,"column":2},"end":{"line":60,"column":71}},{"start":{"line":59,"column":2},"end":{"line":60,"column":71}}],"line":59},"9":{"loc":{"start":{"line":81,"column":2},"end":{"line":82,"column":71}},"type":"if","locations":[{"start":{"line":81,"column":2},"end":{"line":82,"column":71}},{"start":{"line":81,"column":2},"end":{"line":82,"column":71}}],"line":81},"10":{"loc":{"start":{"line":103,"column":2},"end":{"line":103,"column":47}},"type":"if","locations":[{"start":{"line":103,"column":2},"end":{"line":103,"column":47}},{"start":{"line":103,"column":2},"end":{"line":103,"column":47}}],"line":103},"11":{"loc":{"start":{"line":120,"column":2},"end":{"line":120,"column":47}},"type":"if","locations":[{"start":{"line":120,"column":2},"end":{"line":120,"column":47}},{"start":{"line":120,"column":2},"end":{"line":120,"column":47}}],"line":120}},"s":{"0":11,"1":11,"2":11,"3":11,"4":11,"5":11,"6":11,"7":11,"8":11,"9":6,"10":6,"11":6,"12":2,"13":4,"14":2,"15":2,"16":2,"17":6,"18":3,"19":3,"20":3,"21":11,"22":0,"23":0,"24":0,"25":0,"26":0,"27":0,"28":0,"29":0,"30":0,"31":0,"32":0,"33":0,"34":0,"35":0,"36":11,"37":2,"38":2,"39":2,"40":1,"41":1,"42":1,"43":1,"44":1,"45":1,"46":1,"47":1,"48":11,"49":2,"50":2,"51":2,"52":1,"53":1,"54":1,"55":1,"56":1,"57":1,"58":1,"59":11,"60":3,"61":3,"62":3,"63":3,"64":2,"65":1,"66":11,"67":1,"68":1,"69":1,"70":0,"71":1,"72":1,"73":11},"f":{"0":6,"1":0,"2":2,"3":1,"4":2,"5":1,"6":3,"7":1},"b":{"0":[2,4],"1":[2,2],"2":[2,0],"3":[3,3],"4":[0,0],"5":[0,0],"6":[0,0],"7":[0,0],"8":[1,1],"9":[1,1],"10":[2,1],"11":[0,1]},"_coverageSchema":"1a1c01bbd47fc00a2c39e90264f33305004495a9","hash":"c8877a3ec98c50e2edbbff1dccd0ca4dd93462a8"}
,"C:\\Users\\Hp\\Desktop\\software-engineering-project\\backend\\controllers\\groupController.js": {"path":"C:\\Users\\Hp\\Desktop\\software-engineering-project\\backend\\controllers\\groupController.js","statementMap":{"0":{"start":{"line":1,"column":14},"end":{"line":1,"column":40}},"1":{"start":{"line":2,"column":18},"end":{"line":2,"column":48}},"2":{"start":{"line":3,"column":14},"end":{"line":3,"column":40}},"3":{"start":{"line":4,"column":16},"end":{"line":4,"column":44}},"4":{"start":{"line":6,"column":18},"end":{"line":22,"column":1}},"5":{"start":{"line":7,"column":17},"end":{"line":7,"column":25}},"6":{"start":{"line":8,"column":17},"end":{"line":8,"column":35}},"7":{"start":{"line":11,"column":2},"end":{"line":17,"column":3}},"8":{"start":{"line":12,"column":4},"end":{"line":12,"column":41}},"9":{"start":{"line":13,"column":9},"end":{"line":17,"column":3}},"10":{"start":{"line":14,"column":4},"end":{"line":14,"column":43}},"11":{"start":{"line":15,"column":9},"end":{"line":17,"column":3}},"12":{"start":{"line":16,"column":4},"end":{"line":16,"column":45}},"13":{"start":{"line":19,"column":2},"end":{"line":19,"column":73}},"14":{"start":{"line":19,"column":18},"end":{"line":19,"column":73}},"15":{"start":{"line":20,"column":17},"end":{"line":20,"column":64}},"16":{"start":{"line":21,"column":2},"end":{"line":21,"column":38}},"17":{"start":{"line":24,"column":21},"end":{"line":43,"column":1}},"18":{"start":{"line":25,"column":25},"end":{"line":25,"column":28}},"19":{"start":{"line":26,"column":17},"end":{"line":26,"column":21}},"20":{"start":{"line":27,"column":17},"end":{"line":27,"column":35}},"21":{"start":{"line":30,"column":2},"end":{"line":36,"column":3}},"22":{"start":{"line":31,"column":4},"end":{"line":31,"column":41}},"23":{"start":{"line":32,"column":9},"end":{"line":36,"column":3}},"24":{"start":{"line":33,"column":4},"end":{"line":33,"column":43}},"25":{"start":{"line":34,"column":9},"end":{"line":36,"column":3}},"26":{"start":{"line":35,"column":4},"end":{"line":35,"column":45}},"27":{"start":{"line":38,"column":2},"end":{"line":38,"column":73}},"28":{"start":{"line":38,"column":18},"end":{"line":38,"column":73}},"29":{"start":{"line":40,"column":14},"end":{"line":40,"column":76}},"30":{"start":{"line":41,"column":2},"end":{"line":41,"column":43}},"31":{"start":{"line":41,"column":14},"end":{"line":41,"column":43}},"32":{"start":{"line":42,"column":2},"end":{"line":42,"column":37}},"33":{"start":{"line":45,"column":0},"end":{"line":48,"column":2}}},"fnMap":{"0":{"name":"(anonymous_0)","decl":{"start":{"line":6,"column":18},"end":{"line":6,"column":19}},"loc":{"start":{"line":6,"column":38},"end":{"line":22,"column":1}},"line":6},"1":{"name":"(anonymous_1)","decl":{"start":{"line":24,"column":21},"end":{"line":24,"column":22}},"loc":{"start":{"line":24,"column":41},"end":{"line":43,"column":1}},"line":24}},"branchMap":{"0":{"loc":{"start":{"line":11,"column":2},"end":{"line":17,"column":3}},"type":"if","locations":[{"start":{"line":11,"column":2},"end":{"line":17,"column":3}},{"start":{"line":11,"column":2},"end":{"line":17,"column":3}}],"line":11},"1":{"loc":{"start":{"line":13,"column":9},"end":{"line":17,"column":3}},"type":"if","locations":[{"start":{"line":13,"column":9},"end":{"line":17,"column":3}},{"start":{"line":13,"column":9},"end":{"line":17,"column":3}}],"line":13},"2":{"loc":{"start":{"line":15,"column":9},"end":{"line":17,"column":3}},"type":"if","locations":[{"start":{"line":15,"column":9},"end":{"line":17,"column":3}},{"start":{"line":15,"column":9},"end":{"line":17,"column":3}}],"line":15},"3":{"loc":{"start":{"line":19,"column":2},"end":{"line":19,"column":73}},"type":"if","locations":[{"start":{"line":19,"column":2},"end":{"line":19,"column":73}},{"start":{"line":19,"column":2},"end":{"line":19,"column":73}}],"line":19},"4":{"loc":{"start":{"line":30,"column":2},"end":{"line":36,"column":3}},"type":"if","locations":[{"start":{"line":30,"column":2},"end":{"line":36,"column":3}},{"start":{"line":30,"column":2},"end":{"line":36,"column":3}}],"line":30},"5":{"loc":{"start":{"line":32,"column":9},"end":{"line":36,"column":3}},"type":"if","locations":[{"start":{"line":32,"column":9},"end":{"line":36,"column":3}},{"start":{"line":32,"column":9},"end":{"line":36,"column":3}}],"line":32},"6":{"loc":{"start":{"line":34,"column":9},"end":{"line":36,"column":3}},"type":"if","locations":[{"start":{"line":34,"column":9},"end":{"line":36,"column":3}},{"start":{"line":34,"column":9},"end":{"line":36,"column":3}}],"line":34},"7":{"loc":{"start":{"line":38,"column":2},"end":{"line":38,"column":73}},"type":"if","locations":[{"start":{"line":38,"column":2},"end":{"line":38,"column":73}},{"start":{"line":38,"column":2},"end":{"line":38,"column":73}}],"line":38},"8":{"loc":{"start":{"line":41,"column":2},"end":{"line":41,"column":43}},"type":"if","locations":[{"start":{"line":41,"column":2},"end":{"line":41,"column":43}},{"start":{"line":41,"column":2},"end":{"line":41,"column":43}}],"line":41}},"s":{"0":11,"1":11,"2":11,"3":11,"4":11,"5":6,"6":6,"7":6,"8":2,"9":4,"10":2,"11":2,"12":2,"13":6,"14":3,"15":3,"16":3,"17":11,"18":6,"19":6,"20":6,"21":6,"22":2,"23":4,"24":2,"25":2,"26":2,"27":6,"28":3,"29":3,"30":3,"31":0,"32":3,"33":11},"f":{"0":6,"1":6},"b":{"0":[2,4],"1":[2,2],"2":[2,0],"3":[3,3],"4":[2,4],"5":[2,2],"6":[2,0],"7":[3,3],"8":[0,3]},"_coverageSchema":"1a1c01bbd47fc00a2c39e90264f33305004495a9","hash":"9e6e1d9490cc20a84c786ddb928d58a79962e839"}
,"C:\\Users\\Hp\\Desktop\\software-engineering-project\\backend\\controllers\\petitionController.js": {"path":"C:\\Users\\Hp\\Desktop\\software-engineering-project\\backend\\controllers\\petitionController.js","statementMap":{"0":{"start":{"line":1,"column":16},"end":{"line":1,"column":44}},"1":{"start":{"line":2,"column":17},"end":{"line":2,"column":46}},"2":{"start":{"line":3,"column":14},"end":{"line":3,"column":40}},"3":{"start":{"line":5,"column":24},"end":{"line":27,"column":1}},"4":{"start":{"line":6,"column":19},"end":{"line":6,"column":22}},"5":{"start":{"line":7,"column":19},"end":{"line":7,"column":57}},"6":{"start":{"line":8,"column":2},"end":{"line":8,"column":46}},"7":{"start":{"line":8,"column":17},"end":{"line":8,"column":46}},"8":{"start":{"line":10,"column":2},"end":{"line":25,"column":3}},"9":{"start":{"line":11,"column":4},"end":{"line":18,"column":22}},"10":{"start":{"line":20,"column":4},"end":{"line":24,"column":22}},"11":{"start":{"line":26,"column":2},"end":{"line":26,"column":33}},"12":{"start":{"line":29,"column":21},"end":{"line":45,"column":1}},"13":{"start":{"line":30,"column":19},"end":{"line":30,"column":22}},"14":{"start":{"line":31,"column":18},"end":{"line":31,"column":49}},"15":{"start":{"line":32,"column":2},"end":{"line":32,"column":71}},"16":{"start":{"line":32,"column":16},"end":{"line":32,"column":71}},"17":{"start":{"line":34,"column":19},"end":{"line":34,"column":57}},"18":{"start":{"line":35,"column":2},"end":{"line":35,"column":46}},"19":{"start":{"line":35,"column":17},"end":{"line":35,"column":46}},"20":{"start":{"line":37,"column":17},"end":{"line":37,"column":73}},"21":{"start":{"line":37,"column":51},"end":{"line":37,"column":72}},"22":{"start":{"line":38,"column":2},"end":{"line":41,"column":63}},"23":{"start":{"line":39,"column":4},"end":{"line":41,"column":63}},"24":{"start":{"line":42,"column":2},"end":{"line":42,"column":37}},"25":{"start":{"line":43,"column":2},"end":{"line":43,"column":24}},"26":{"start":{"line":44,"column":2},"end":{"line":44,"column":31}},"27":{"start":{"line":47,"column":27},"end":{"line":60,"column":1}},"28":{"start":{"line":48,"column":16},"end":{"line":48,"column":31}},"29":{"start":{"line":49,"column":24},"end":{"line":49,"column":26}},"30":{"start":{"line":50,"column":2},"end":{"line":57,"column":3}},"31":{"start":{"line":51,"column":17},"end":{"line":51,"column":32}},"32":{"start":{"line":52,"column":18},"end":{"line":52,"column":138}},"33":{"start":{"line":53,"column":4},"end":{"line":56,"column":6}},"34":{"start":{"line":54,"column":6},"end":{"line":54,"column":34}},"35":{"start":{"line":55,"column":6},"end":{"line":55,"column":30}},"36":{"start":{"line":58,"column":2},"end":{"line":58,"column":69}},"37":{"start":{"line":58,"column":33},"end":{"line":58,"column":67}},"38":{"start":{"line":59,"column":2},"end":{"line":59,"column":35}},"39":{"start":{"line":62,"column":0},"end":{"line":66,"column":2}}},"fnMap":{"0":{"name":"(anonymous_0)","decl":{"start":{"line":5,"column":24},"end":{"line":5,"column":25}},"loc":{"start":{"line":5,"column":44},"end":{"line":27,"column":1}},"line":5},"1":{"name":"(anonymous_1)","decl":{"start":{"line":29,"column":21},"end":{"line":29,"column":22}},"loc":{"start":{"line":29,"column":41},"end":{"line":45,"column":1}},"line":29},"2":{"name":"(anonymous_2)","decl":{"start":{"line":37,"column":39},"end":{"line":37,"column":40}},"loc":{"start":{"line":37,"column":51},"end":{"line":37,"column":72}},"line":37},"3":{"name":"(anonymous_3)","decl":{"start":{"line":47,"column":27},"end":{"line":47,"column":28}},"loc":{"start":{"line":47,"column":46},"end":{"line":60,"column":1}},"line":47},"4":{"name":"(anonymous_4)","decl":{"start":{"line":53,"column":20},"end":{"line":53,"column":21}},"loc":{"start":{"line":53,"column":29},"end":{"line":56,"column":5}},"line":53},"5":{"name":"(anonymous_5)","decl":{"start":{"line":58,"column":23},"end":{"line":58,"column":24}},"loc":{"start":{"line":58,"column":33},"end":{"line":58,"column":67}},"line":58}},"branchMap":{"0":{"loc":{"start":{"line":8,"column":2},"end":{"line":8,"column":46}},"type":"if","locations":[{"start":{"line":8,"column":2},"end":{"line":8,"column":46}},{"start":{"line":8,"column":2},"end":{"line":8,"column":46}}],"line":8},"1":{"loc":{"start":{"line":10,"column":2},"end":{"line":25,"column":3}},"type":"if","locations":[{"start":{"line":10,"column":2},"end":{"line":25,"column":3}},{"start":{"line":10,"column":2},"end":{"line":25,"column":3}}],"line":10},"2":{"loc":{"start":{"line":32,"column":2},"end":{"line":32,"column":71}},"type":"if","locations":[{"start":{"line":32,"column":2},"end":{"line":32,"column":71}},{"start":{"line":32,"column":2},"end":{"line":32,"column":71}}],"line":32},"3":{"loc":{"start":{"line":35,"column":2},"end":{"line":35,"column":46}},"type":"if","locations":[{"start":{"line":35,"column":2},"end":{"line":35,"column":46}},{"start":{"line":35,"column":2},"end":{"line":35,"column":46}}],"line":35},"4":{"loc":{"start":{"line":38,"column":2},"end":{"line":41,"column":63}},"type":"if","locations":[{"start":{"line":38,"column":2},"end":{"line":41,"column":63}},{"start":{"line":38,"column":2},"end":{"line":41,"column":63}}],"line":38},"5":{"loc":{"start":{"line":58,"column":33},"end":{"line":58,"column":67}},"type":"cond-expr","locations":[{"start":{"line":58,"column":61},"end":{"line":58,"column":62}},{"start":{"line":58,"column":65},"end":{"line":58,"column":67}}],"line":58}},"s":{"0":11,"1":11,"2":11,"3":11,"4":0,"5":0,"6":0,"7":0,"8":0,"9":0,"10":0,"11":0,"12":11,"13":0,"14":0,"15":0,"16":0,"17":0,"18":0,"19":0,"20":0,"21":0,"22":0,"23":0,"24":0,"25":0,"26":0,"27":11,"28":0,"29":0,"30":0,"31":0,"32":0,"33":0,"34":0,"35":0,"36":0,"37":0,"38":0,"39":11},"f":{"0":0,"1":0,"2":0,"3":0,"4":0,"5":0},"b":{"0":[0,0],"1":[0,0],"2":[0,0],"3":[0,0],"4":[0,0],"5":[0,0]},"_coverageSchema":"1a1c01bbd47fc00a2c39e90264f33305004495a9","hash":"889cf4040c24fc277cacab8a9ebec916002d752c"}
,"C:\\Users\\Hp\\Desktop\\software-engineering-project\\backend\\controllers\\replyController.js": {"path":"C:\\Users\\Hp\\Desktop\\software-engineering-project\\backend\\controllers\\replyController.js","statementMap":{"0":{"start":{"line":1,"column":17},"end":{"line":1,"column":36}},"1":{"start":{"line":2,"column":15},"end":{"line":2,"column":42}},"2":{"start":{"line":3,"column":17},"end":{"line":3,"column":46}},"3":{"start":{"line":4,"column":14},"end":{"line":4,"column":40}},"4":{"start":{"line":5,"column":30},"end":{"line":5,"column":59}},"5":{"start":{"line":7,"column":17},"end":{"line":77,"column":1}},"6":{"start":{"line":8,"column":25},"end":{"line":8,"column":28}},"7":{"start":{"line":11,"column":2},"end":{"line":20,"column":3}},"8":{"start":{"line":12,"column":4},"end":{"line":12,"column":25}},"9":{"start":{"line":13,"column":4},"end":{"line":13,"column":51}},"10":{"start":{"line":14,"column":9},"end":{"line":20,"column":3}},"11":{"start":{"line":15,"column":4},"end":{"line":15,"column":27}},"12":{"start":{"line":16,"column":4},"end":{"line":16,"column":53}},"13":{"start":{"line":17,"column":9},"end":{"line":20,"column":3}},"14":{"start":{"line":18,"column":4},"end":{"line":18,"column":23}},"15":{"start":{"line":19,"column":4},"end":{"line":19,"column":49}},"16":{"start":{"line":22,"column":2},"end":{"line":23,"column":59}},"17":{"start":{"line":23,"column":4},"end":{"line":23,"column":59}},"18":{"start":{"line":25,"column":16},"end":{"line":30,"column":4}},"19":{"start":{"line":32,"column":2},"end":{"line":36,"column":67}},"20":{"start":{"line":32,"column":48},"end":{"line":32,"column":74}},"21":{"start":{"line":33,"column":7},"end":{"line":36,"column":67}},"22":{"start":{"line":34,"column":4},"end":{"line":34,"column":33}},"23":{"start":{"line":35,"column":7},"end":{"line":36,"column":67}},"24":{"start":{"line":35,"column":53},"end":{"line":35,"column":80}},"25":{"start":{"line":36,"column":7},"end":{"line":36,"column":67}},"26":{"start":{"line":38,"column":2},"end":{"line":38,"column":21}},"27":{"start":{"line":40,"column":20},"end":{"line":42,"column":26}},"28":{"start":{"line":44,"column":2},"end":{"line":74,"column":3}},"29":{"start":{"line":45,"column":4},"end":{"line":51,"column":6}},"30":{"start":{"line":52,"column":9},"end":{"line":74,"column":3}},"31":{"start":{"line":53,"column":19},"end":{"line":55,"column":13}},"32":{"start":{"line":56,"column":4},"end":{"line":62,"column":6}},"33":{"start":{"line":64,"column":21},"end":{"line":66,"column":13}},"34":{"start":{"line":67,"column":4},"end":{"line":73,"column":6}},"35":{"start":{"line":76,"column":2},"end":{"line":76,"column":31}},"36":{"start":{"line":79,"column":0},"end":{"line":79,"column":30}}},"fnMap":{"0":{"name":"(anonymous_0)","decl":{"start":{"line":7,"column":17},"end":{"line":7,"column":18}},"loc":{"start":{"line":7,"column":37},"end":{"line":77,"column":1}},"line":7}},"branchMap":{"0":{"loc":{"start":{"line":11,"column":2},"end":{"line":20,"column":3}},"type":"if","locations":[{"start":{"line":11,"column":2},"end":{"line":20,"column":3}},{"start":{"line":11,"column":2},"end":{"line":20,"column":3}}],"line":11},"1":{"loc":{"start":{"line":14,"column":9},"end":{"line":20,"column":3}},"type":"if","locations":[{"start":{"line":14,"column":9},"end":{"line":20,"column":3}},{"start":{"line":14,"column":9},"end":{"line":20,"column":3}}],"line":14},"2":{"loc":{"start":{"line":17,"column":9},"end":{"line":20,"column":3}},"type":"if","locations":[{"start":{"line":17,"column":9},"end":{"line":20,"column":3}},{"start":{"line":17,"column":9},"end":{"line":20,"column":3}}],"line":17},"3":{"loc":{"start":{"line":22,"column":2},"end":{"line":23,"column":59}},"type":"if","locations":[{"start":{"line":22,"column":2},"end":{"line":23,"column":59}},{"start":{"line":22,"column":2},"end":{"line":23,"column":59}}],"line":22},"4":{"loc":{"start":{"line":22,"column":6},"end":{"line":22,"column":32}},"type":"binary-expr","locations":[{"start":{"line":22,"column":6},"end":{"line":22,"column":15}},{"start":{"line":22,"column":19},"end":{"line":22,"column":32}}],"line":22},"5":{"loc":{"start":{"line":32,"column":2},"end":{"line":36,"column":67}},"type":"if","locations":[{"start":{"line":32,"column":2},"end":{"line":36,"column":67}},{"start":{"line":32,"column":2},"end":{"line":36,"column":67}}],"line":32},"6":{"loc":{"start":{"line":33,"column":7},"end":{"line":36,"column":67}},"type":"if","locations":[{"start":{"line":33,"column":7},"end":{"line":36,"column":67}},{"start":{"line":33,"column":7},"end":{"line":36,"column":67}}],"line":33},"7":{"loc":{"start":{"line":35,"column":7},"end":{"line":36,"column":67}},"type":"if","locations":[{"start":{"line":35,"column":7},"end":{"line":36,"column":67}},{"start":{"line":35,"column":7},"end":{"line":36,"column":67}}],"line":35},"8":{"loc":{"start":{"line":44,"column":2},"end":{"line":74,"column":3}},"type":"if","locations":[{"start":{"line":44,"column":2},"end":{"line":74,"column":3}},{"start":{"line":44,"column":2},"end":{"line":74,"column":3}}],"line":44},"9":{"loc":{"start":{"line":52,"column":9},"end":{"line":74,"column":3}},"type":"if","locations":[{"start":{"line":52,"column":9},"end":{"line":74,"column":3}},{"start":{"line":52,"column":9},"end":{"line":74,"column":3}}],"line":52}},"s":{"0":11,"1":11,"2":11,"3":11,"4":11,"5":11,"6":0,"7":0,"8":0,"9":0,"10":0,"11":0,"12":0,"13":0,"14":0,"15":0,"16":0,"17":0,"18":0,"19":0,"20":0,"21":0,"22":0,"23":0,"24":0,"25":0,"26":0,"27":0,"28":0,"29":0,"30":0,"31":0,"32":0,"33":0,"34":0,"35":0,"36":11},"f":{"0":0},"b":{"0":[0,0],"1":[0,0],"2":[0,0],"3":[0,0],"4":[0,0],"5":[0,0],"6":[0,0],"7":[0,0],"8":[0,0],"9":[0,0]},"_coverageSchema":"1a1c01bbd47fc00a2c39e90264f33305004495a9","hash":"d47796891922185b3ed83b13fd72d2528661a51e"}
,"C:\\Users\\Hp\\Desktop\\software-engineering-project\\backend\\controllers\\studentController.js": {"path":"C:\\Users\\Hp\\Desktop\\software-engineering-project\\backend\\controllers\\studentController.js","statementMap":{"0":{"start":{"line":1,"column":15},"end":{"line":1,"column":32}},"1":{"start":{"line":2,"column":22},"end":{"line":2,"column":45}},"2":{"start":{"line":3,"column":16},"end":{"line":3,"column":44}},"3":{"start":{"line":4,"column":17},"end":{"line":4,"column":46}},"4":{"start":{"line":5,"column":17},"end":{"line":5,"column":36}},"5":{"start":{"line":6,"column":15},"end":{"line":6,"column":42}},"6":{"start":{"line":7,"column":17},"end":{"line":7,"column":46}},"7":{"start":{"line":8,"column":14},"end":{"line":8,"column":40}},"8":{"start":{"line":9,"column":18},"end":{"line":9,"column":48}},"9":{"start":{"line":10,"column":51},"end":{"line":10,"column":80}},"10":{"start":{"line":12,"column":39},"end":{"line":41,"column":1}},"11":{"start":{"line":13,"column":22},"end":{"line":16,"column":4}},"12":{"start":{"line":17,"column":2},"end":{"line":40,"column":3}},"13":{"start":{"line":18,"column":4},"end":{"line":18,"column":33}},"14":{"start":{"line":19,"column":18},"end":{"line":19,"column":35}},"15":{"start":{"line":20,"column":25},"end":{"line":22,"column":6}},"16":{"start":{"line":23,"column":4},"end":{"line":26,"column":9}},"17":{"start":{"line":24,"column":6},"end":{"line":26,"column":9}},"18":{"start":{"line":27,"column":27},"end":{"line":27,"column":53}},"19":{"start":{"line":28,"column":4},"end":{"line":33,"column":5}},"20":{"start":{"line":29,"column":6},"end":{"line":32,"column":9}},"21":{"start":{"line":34,"column":4},"end":{"line":34,"column":11}},"22":{"start":{"line":36,"column":18},"end":{"line":36,"column":29}},"23":{"start":{"line":37,"column":4},"end":{"line":39,"column":7}},"24":{"start":{"line":43,"column":19},"end":{"line":49,"column":1}},"25":{"start":{"line":44,"column":19},"end":{"line":44,"column":22}},"26":{"start":{"line":45,"column":18},"end":{"line":45,"column":49}},"27":{"start":{"line":46,"column":2},"end":{"line":46,"column":23}},"28":{"start":{"line":47,"column":2},"end":{"line":47,"column":45}},"29":{"start":{"line":47,"column":16},"end":{"line":47,"column":45}},"30":{"start":{"line":48,"column":2},"end":{"line":48,"column":32}},"31":{"start":{"line":51,"column":22},"end":{"line":58,"column":1}},"32":{"start":{"line":52,"column":19},"end":{"line":52,"column":22}},"33":{"start":{"line":53,"column":18},"end":{"line":53,"column":68}},"34":{"start":{"line":54,"column":2},"end":{"line":54,"column":23}},"35":{"start":{"line":55,"column":2},"end":{"line":55,"column":45}},"36":{"start":{"line":55,"column":16},"end":{"line":55,"column":45}},"37":{"start":{"line":56,"column":2},"end":{"line":56,"column":23}},"38":{"start":{"line":57,"column":2},"end":{"line":57,"column":32}},"39":{"start":{"line":60,"column":24},"end":{"line":67,"column":1}},"40":{"start":{"line":61,"column":18},"end":{"line":61,"column":39}},"41":{"start":{"line":62,"column":22},"end":{"line":62,"column":39}},"42":{"start":{"line":63,"column":2},"end":{"line":63,"column":53}},"43":{"start":{"line":64,"column":2},"end":{"line":64,"column":58}},"44":{"start":{"line":65,"column":22},"end":{"line":65,"column":42}},"45":{"start":{"line":66,"column":2},"end":{"line":66,"column":36}},"46":{"start":{"line":69,"column":20},"end":{"line":92,"column":1}},"47":{"start":{"line":70,"column":30},"end":{"line":70,"column":38}},"48":{"start":{"line":71,"column":2},"end":{"line":75,"column":3}},"49":{"start":{"line":72,"column":4},"end":{"line":74,"column":7}},"50":{"start":{"line":76,"column":18},"end":{"line":76,"column":50}},"51":{"start":{"line":77,"column":2},"end":{"line":77,"column":75}},"52":{"start":{"line":77,"column":16},"end":{"line":77,"column":75}},"53":{"start":{"line":78,"column":21},"end":{"line":78,"column":69}},"54":{"start":{"line":79,"column":2},"end":{"line":80,"column":66}},"55":{"start":{"line":80,"column":4},"end":{"line":80,"column":66}},"56":{"start":{"line":81,"column":16},"end":{"line":87,"column":3}},"57":{"start":{"line":88,"column":20},"end":{"line":88,"column":22}},"58":{"start":{"line":89,"column":2},"end":{"line":89,"column":30}},"59":{"start":{"line":90,"column":2},"end":{"line":90,"column":29}},"60":{"start":{"line":91,"column":2},"end":{"line":91,"column":24}},"61":{"start":{"line":94,"column":21},"end":{"line":120,"column":1}},"62":{"start":{"line":95,"column":25},"end":{"line":95,"column":28}},"63":{"start":{"line":96,"column":18},"end":{"line":96,"column":49}},"64":{"start":{"line":97,"column":2},"end":{"line":98,"column":69}},"65":{"start":{"line":98,"column":4},"end":{"line":98,"column":69}},"66":{"start":{"line":99,"column":17},"end":{"line":103,"column":4}},"67":{"start":{"line":104,"column":2},"end":{"line":116,"column":68}},"68":{"start":{"line":105,"column":4},"end":{"line":105,"column":33}},"69":{"start":{"line":106,"column":22},"end":{"line":106,"column":65}},"70":{"start":{"line":107,"column":4},"end":{"line":107,"column":51}},"71":{"start":{"line":109,"column":7},"end":{"line":116,"column":68}},"72":{"start":{"line":110,"column":4},"end":{"line":110,"column":29}},"73":{"start":{"line":111,"column":18},"end":{"line":111,"column":84}},"74":{"start":{"line":112,"column":4},"end":{"line":114,"column":6}},"75":{"start":{"line":113,"column":6},"end":{"line":113,"column":53}},"76":{"start":{"line":116,"column":7},"end":{"line":116,"column":68}},"77":{"start":{"line":118,"column":2},"end":{"line":118,"column":22}},"78":{"start":{"line":119,"column":2},"end":{"line":119,"column":31}},"79":{"start":{"line":122,"column":26},"end":{"line":132,"column":1}},"80":{"start":{"line":123,"column":19},"end":{"line":123,"column":22}},"81":{"start":{"line":124,"column":18},"end":{"line":124,"column":49}},"82":{"start":{"line":125,"column":2},"end":{"line":126,"column":69}},"83":{"start":{"line":126,"column":4},"end":{"line":126,"column":69}},"84":{"start":{"line":128,"column":18},"end":{"line":130,"column":68}},"85":{"start":{"line":131,"column":2},"end":{"line":131,"column":27}},"86":{"start":{"line":134,"column":23},"end":{"line":161,"column":1}},"87":{"start":{"line":135,"column":25},"end":{"line":135,"column":28}},"88":{"start":{"line":136,"column":18},"end":{"line":136,"column":49}},"89":{"start":{"line":137,"column":2},"end":{"line":138,"column":69}},"90":{"start":{"line":138,"column":4},"end":{"line":138,"column":69}},"91":{"start":{"line":139,"column":19},"end":{"line":144,"column":4}},"92":{"start":{"line":145,"column":2},"end":{"line":157,"column":70}},"93":{"start":{"line":146,"column":4},"end":{"line":146,"column":35}},"94":{"start":{"line":147,"column":22},"end":{"line":147,"column":69}},"95":{"start":{"line":148,"column":4},"end":{"line":148,"column":55}},"96":{"start":{"line":150,"column":7},"end":{"line":157,"column":70}},"97":{"start":{"line":151,"column":4},"end":{"line":151,"column":31}},"98":{"start":{"line":152,"column":18},"end":{"line":152,"column":88}},"99":{"start":{"line":153,"column":4},"end":{"line":155,"column":6}},"100":{"start":{"line":154,"column":6},"end":{"line":154,"column":57}},"101":{"start":{"line":157,"column":7},"end":{"line":157,"column":70}},"102":{"start":{"line":159,"column":2},"end":{"line":159,"column":24}},"103":{"start":{"line":160,"column":2},"end":{"line":160,"column":31}},"104":{"start":{"line":163,"column":21},"end":{"line":174,"column":1}},"105":{"start":{"line":164,"column":19},"end":{"line":164,"column":22}},"106":{"start":{"line":165,"column":18},"end":{"line":165,"column":49}},"107":{"start":{"line":166,"column":2},"end":{"line":167,"column":69}},"108":{"start":{"line":167,"column":4},"end":{"line":167,"column":69}},"109":{"start":{"line":169,"column":20},"end":{"line":172,"column":24}},"110":{"start":{"line":173,"column":2},"end":{"line":173,"column":29}},"111":{"start":{"line":176,"column":0},"end":{"line":186,"column":2}}},"fnMap":{"0":{"name":"(anonymous_0)","decl":{"start":{"line":12,"column":39},"end":{"line":12,"column":40}},"loc":{"start":{"line":12,"column":65},"end":{"line":41,"column":1}},"line":12},"1":{"name":"(anonymous_1)","decl":{"start":{"line":43,"column":19},"end":{"line":43,"column":20}},"loc":{"start":{"line":43,"column":39},"end":{"line":49,"column":1}},"line":43},"2":{"name":"(anonymous_2)","decl":{"start":{"line":51,"column":22},"end":{"line":51,"column":23}},"loc":{"start":{"line":51,"column":42},"end":{"line":58,"column":1}},"line":51},"3":{"name":"(anonymous_3)","decl":{"start":{"line":60,"column":24},"end":{"line":60,"column":25}},"loc":{"start":{"line":60,"column":44},"end":{"line":67,"column":1}},"line":60},"4":{"name":"(anonymous_4)","decl":{"start":{"line":69,"column":20},"end":{"line":69,"column":21}},"loc":{"start":{"line":69,"column":40},"end":{"line":92,"column":1}},"line":69},"5":{"name":"(anonymous_5)","decl":{"start":{"line":94,"column":21},"end":{"line":94,"column":22}},"loc":{"start":{"line":94,"column":41},"end":{"line":120,"column":1}},"line":94},"6":{"name":"(anonymous_6)","decl":{"start":{"line":112,"column":26},"end":{"line":112,"column":27}},"loc":{"start":{"line":112,"column":39},"end":{"line":114,"column":5}},"line":112},"7":{"name":"(anonymous_7)","decl":{"start":{"line":122,"column":26},"end":{"line":122,"column":27}},"loc":{"start":{"line":122,"column":46},"end":{"line":132,"column":1}},"line":122},"8":{"name":"(anonymous_8)","decl":{"start":{"line":134,"column":23},"end":{"line":134,"column":24}},"loc":{"start":{"line":134,"column":43},"end":{"line":161,"column":1}},"line":134},"9":{"name":"(anonymous_9)","decl":{"start":{"line":153,"column":26},"end":{"line":153,"column":27}},"loc":{"start":{"line":153,"column":39},"end":{"line":155,"column":5}},"line":153},"10":{"name":"(anonymous_10)","decl":{"start":{"line":163,"column":21},"end":{"line":163,"column":22}},"loc":{"start":{"line":163,"column":41},"end":{"line":174,"column":1}},"line":163}},"branchMap":{"0":{"loc":{"start":{"line":23,"column":4},"end":{"line":26,"column":9}},"type":"if","locations":[{"start":{"line":23,"column":4},"end":{"line":26,"column":9}},{"start":{"line":23,"column":4},"end":{"line":26,"column":9}}],"line":23},"1":{"loc":{"start":{"line":28,"column":4},"end":{"line":33,"column":5}},"type":"if","locations":[{"start":{"line":28,"column":4},"end":{"line":33,"column":5}},{"start":{"line":28,"column":4},"end":{"line":33,"column":5}}],"line":28},"2":{"loc":{"start":{"line":47,"column":2},"end":{"line":47,"column":45}},"type":"if","locations":[{"start":{"line":47,"column":2},"end":{"line":47,"column":45}},{"start":{"line":47,"column":2},"end":{"line":47,"column":45}}],"line":47},"3":{"loc":{"start":{"line":55,"column":2},"end":{"line":55,"column":45}},"type":"if","locations":[{"start":{"line":55,"column":2},"end":{"line":55,"column":45}},{"start":{"line":55,"column":2},"end":{"line":55,"column":45}}],"line":55},"4":{"loc":{"start":{"line":71,"column":2},"end":{"line":75,"column":3}},"type":"if","locations":[{"start":{"line":71,"column":2},"end":{"line":75,"column":3}},{"start":{"line":71,"column":2},"end":{"line":75,"column":3}}],"line":71},"5":{"loc":{"start":{"line":71,"column":8},"end":{"line":71,"column":25}},"type":"binary-expr","locations":[{"start":{"line":71,"column":8},"end":{"line":71,"column":13}},{"start":{"line":71,"column":17},"end":{"line":71,"column":25}}],"line":71},"6":{"loc":{"start":{"line":77,"column":2},"end":{"line":77,"column":75}},"type":"if","locations":[{"start":{"line":77,"column":2},"end":{"line":77,"column":75}},{"start":{"line":77,"column":2},"end":{"line":77,"column":75}}],"line":77},"7":{"loc":{"start":{"line":79,"column":2},"end":{"line":80,"column":66}},"type":"if","locations":[{"start":{"line":79,"column":2},"end":{"line":80,"column":66}},{"start":{"line":79,"column":2},"end":{"line":80,"column":66}}],"line":79},"8":{"loc":{"start":{"line":97,"column":2},"end":{"line":98,"column":69}},"type":"if","locations":[{"start":{"line":97,"column":2},"end":{"line":98,"column":69}},{"start":{"line":97,"column":2},"end":{"line":98,"column":69}}],"line":97},"9":{"loc":{"start":{"line":104,"column":2},"end":{"line":116,"column":68}},"type":"if","locations":[{"start":{"line":104,"column":2},"end":{"line":116,"column":68}},{"start":{"line":104,"column":2},"end":{"line":116,"column":68}}],"line":104},"10":{"loc":{"start":{"line":109,"column":7},"end":{"line":116,"column":68}},"type":"if","locations":[{"start":{"line":109,"column":7},"end":{"line":116,"column":68}},{"start":{"line":109,"column":7},"end":{"line":116,"column":68}}],"line":109},"11":{"loc":{"start":{"line":125,"column":2},"end":{"line":126,"column":69}},"type":"if","locations":[{"start":{"line":125,"column":2},"end":{"line":126,"column":69}},{"start":{"line":125,"column":2},"end":{"line":126,"column":69}}],"line":125},"12":{"loc":{"start":{"line":137,"column":2},"end":{"line":138,"column":69}},"type":"if","locations":[{"start":{"line":137,"column":2},"end":{"line":138,"column":69}},{"start":{"line":137,"column":2},"end":{"line":138,"column":69}}],"line":137},"13":{"loc":{"start":{"line":145,"column":2},"end":{"line":157,"column":70}},"type":"if","locations":[{"start":{"line":145,"column":2},"end":{"line":157,"column":70}},{"start":{"line":145,"column":2},"end":{"line":157,"column":70}}],"line":145},"14":{"loc":{"start":{"line":150,"column":7},"end":{"line":157,"column":70}},"type":"if","locations":[{"start":{"line":150,"column":7},"end":{"line":157,"column":70}},{"start":{"line":150,"column":7},"end":{"line":157,"column":70}}],"line":150},"15":{"loc":{"start":{"line":166,"column":2},"end":{"line":167,"column":69}},"type":"if","locations":[{"start":{"line":166,"column":2},"end":{"line":167,"column":69}},{"start":{"line":166,"column":2},"end":{"line":167,"column":69}}],"line":166}},"s":{"0":11,"1":11,"2":11,"3":11,"4":11,"5":11,"6":11,"7":11,"8":11,"9":11,"10":11,"11":3,"12":3,"13":3,"14":2,"15":2,"16":2,"17":0,"18":2,"19":2,"20":1,"21":1,"22":1,"23":1,"24":11,"25":0,"26":0,"27":0,"28":0,"29":0,"30":0,"31":11,"32":0,"33":0,"34":0,"35":0,"36":0,"37":0,"38":0,"39":11,"40":1,"41":1,"42":1,"43":1,"44":1,"45":1,"46":11,"47":0,"48":0,"49":0,"50":0,"51":0,"52":0,"53":0,"54":0,"55":0,"56":0,"57":0,"58":0,"59":0,"60":0,"61":11,"62":0,"63":0,"64":0,"65":0,"66":0,"67":0,"68":0,"69":0,"70":0,"71":0,"72":0,"73":0,"74":0,"75":0,"76":0,"77":0,"78":0,"79":11,"80":0,"81":0,"82":0,"83":0,"84":0,"85":0,"86":11,"87":0,"88":0,"89":0,"90":0,"91":0,"92":0,"93":0,"94":0,"95":0,"96":0,"97":0,"98":0,"99":0,"100":0,"101":0,"102":0,"103":0,"104":11,"105":0,"106":0,"107":0,"108":0,"109":0,"110":0,"111":11},"f":{"0":3,"1":0,"2":0,"3":1,"4":0,"5":0,"6":0,"7":0,"8":0,"9":0,"10":0},"b":{"0":[0,2],"1":[1,1],"2":[0,0],"3":[0,0],"4":[0,0],"5":[0,0],"6":[0,0],"7":[0,0],"8":[0,0],"9":[0,0],"10":[0,0],"11":[0,0],"12":[0,0],"13":[0,0],"14":[0,0],"15":[0,0]},"_coverageSchema":"1a1c01bbd47fc00a2c39e90264f33305004495a9","hash":"037088223d9ea3b42465b0908815ff292b920e02"}
,"C:\\Users\\Hp\\Desktop\\software-engineering-project\\backend\\models\\Admin.js": {"path":"C:\\Users\\Hp\\Desktop\\software-engineering-project\\backend\\models\\Admin.js","statementMap":{"0":{"start":{"line":1,"column":17},"end":{"line":1,"column":36}},"1":{"start":{"line":2,"column":24},"end":{"line":2,"column":60}},"2":{"start":{"line":4,"column":20},"end":{"line":22,"column":1}},"3":{"start":{"line":24,"column":0},"end":{"line":31,"column":3}},"4":{"start":{"line":26,"column":4},"end":{"line":26,"column":54}},"5":{"start":{"line":27,"column":4},"end":{"line":27,"column":30}},"6":{"start":{"line":28,"column":4},"end":{"line":28,"column":30}},"7":{"start":{"line":29,"column":4},"end":{"line":29,"column":35}},"8":{"start":{"line":33,"column":0},"end":{"line":33,"column":36}},"9":{"start":{"line":34,"column":14},"end":{"line":34,"column":50}},"10":{"start":{"line":35,"column":0},"end":{"line":35,"column":23}}},"fnMap":{"0":{"name":"(anonymous_0)","decl":{"start":{"line":25,"column":13},"end":{"line":25,"column":14}},"loc":{"start":{"line":25,"column":43},"end":{"line":30,"column":3}},"line":25}},"branchMap":{},"s":{"0":11,"1":11,"2":11,"3":11,"4":1,"5":1,"6":1,"7":1,"8":11,"9":11,"10":11},"f":{"0":1},"b":{},"_coverageSchema":"1a1c01bbd47fc00a2c39e90264f33305004495a9","hash":"37f605e1ff07c3873eaa8856801299da02aab0c4"}
,"C:\\Users\\Hp\\Desktop\\software-engineering-project\\backend\\models\\Appeal.js": {"path":"C:\\Users\\Hp\\Desktop\\software-engineering-project\\backend\\models\\Appeal.js","statementMap":{"0":{"start":{"line":1,"column":17},"end":{"line":1,"column":36}},"1":{"start":{"line":3,"column":21},"end":{"line":37,"column":1}},"2":{"start":{"line":39,"column":0},"end":{"line":45,"column":3}},"3":{"start":{"line":41,"column":4},"end":{"line":41,"column":54}},"4":{"start":{"line":42,"column":4},"end":{"line":42,"column":30}},"5":{"start":{"line":43,"column":4},"end":{"line":43,"column":30}},"6":{"start":{"line":47,"column":15},"end":{"line":47,"column":53}},"7":{"start":{"line":48,"column":0},"end":{"line":48,"column":24}}},"fnMap":{"0":{"name":"(anonymous_0)","decl":{"start":{"line":40,"column":13},"end":{"line":40,"column":14}},"loc":{"start":{"line":40,"column":43},"end":{"line":44,"column":3}},"line":40}},"branchMap":{},"s":{"0":11,"1":11,"2":11,"3":22,"4":22,"5":22,"6":11,"7":11},"f":{"0":22},"b":{},"_coverageSchema":"1a1c01bbd47fc00a2c39e90264f33305004495a9","hash":"a5d18db270ec7cab16b0c75da938b960c6a866f4"}
,"C:\\Users\\Hp\\Desktop\\software-engineering-project\\backend\\models\\Authority.js": {"path":"C:\\Users\\Hp\\Desktop\\software-engineering-project\\backend\\models\\Authority.js","statementMap":{"0":{"start":{"line":1,"column":17},"end":{"line":1,"column":36}},"1":{"start":{"line":2,"column":24},"end":{"line":2,"column":60}},"2":{"start":{"line":4,"column":24},"end":{"line":22,"column":1}},"3":{"start":{"line":24,"column":0},"end":{"line":31,"column":3}},"4":{"start":{"line":26,"column":4},"end":{"line":26,"column":54}},"5":{"start":{"line":27,"column":4},"end":{"line":27,"column":30}},"6":{"start":{"line":28,"column":4},"end":{"line":28,"column":30}},"7":{"start":{"line":29,"column":4},"end":{"line":29,"column":35}},"8":{"start":{"line":33,"column":0},"end":{"line":35,"column":3}},"9":{"start":{"line":36,"column":18},"end":{"line":36,"column":62}},"10":{"start":{"line":37,"column":0},"end":{"line":37,"column":27}}},"fnMap":{"0":{"name":"(anonymous_0)","decl":{"start":{"line":25,"column":13},"end":{"line":25,"column":14}},"loc":{"start":{"line":25,"column":43},"end":{"line":30,"column":3}},"line":25}},"branchMap":{},"s":{"0":11,"1":11,"2":11,"3":11,"4":128,"5":128,"6":128,"7":128,"8":11,"9":11,"10":11},"f":{"0":128},"b":{},"_coverageSchema":"1a1c01bbd47fc00a2c39e90264f33305004495a9","hash":"7feb1d3ffe29c19bdd7216e0828dc11aecb26ca7"}
,"C:\\Users\\Hp\\Desktop\\software-engineering-project\\backend\\models\\Group.js": {"path":"C:\\Users\\Hp\\Desktop\\software-engineering-project\\backend\\models\\Group.js","statementMap":{"0":{"start":{"line":1,"column":17},"end":{"line":1,"column":36}},"1":{"start":{"line":3,"column":20},"end":{"line":21,"column":1}},"2":{"start":{"line":23,"column":0},"end":{"line":29,"column":3}},"3":{"start":{"line":25,"column":4},"end":{"line":25,"column":54}},"4":{"start":{"line":26,"column":4},"end":{"line":26,"column":30}},"5":{"start":{"line":27,"column":4},"end":{"line":27,"column":30}},"6":{"start":{"line":31,"column":14},"end":{"line":31,"column":50}},"7":{"start":{"line":32,"column":0},"end":{"line":32,"column":23}}},"fnMap":{"0":{"name":"(anonymous_0)","decl":{"start":{"line":24,"column":13},"end":{"line":24,"column":14}},"loc":{"start":{"line":24,"column":43},"end":{"line":28,"column":3}},"line":24}},"branchMap":{},"s":{"0":11,"1":11,"2":11,"3":31,"4":31,"5":31,"6":11,"7":11},"f":{"0":31},"b":{},"_coverageSchema":"1a1c01bbd47fc00a2c39e90264f33305004495a9","hash":"06614e70bc3339f5867294a25371546267fb0233"}
,"C:\\Users\\Hp\\Desktop\\software-engineering-project\\backend\\models\\Petition.js": {"path":"C:\\Users\\Hp\\Desktop\\software-engineering-project\\backend\\models\\Petition.js","statementMap":{"0":{"start":{"line":1,"column":17},"end":{"line":1,"column":36}},"1":{"start":{"line":3,"column":23},"end":{"line":43,"column":1}},"2":{"start":{"line":45,"column":0},"end":{"line":51,"column":3}},"3":{"start":{"line":47,"column":4},"end":{"line":47,"column":54}},"4":{"start":{"line":48,"column":4},"end":{"line":48,"column":30}},"5":{"start":{"line":49,"column":4},"end":{"line":49,"column":30}},"6":{"start":{"line":53,"column":17},"end":{"line":53,"column":59}},"7":{"start":{"line":54,"column":0},"end":{"line":54,"column":26}}},"fnMap":{"0":{"name":"(anonymous_0)","decl":{"start":{"line":46,"column":13},"end":{"line":46,"column":14}},"loc":{"start":{"line":46,"column":43},"end":{"line":50,"column":3}},"line":46}},"branchMap":{},"s":{"0":11,"1":11,"2":11,"3":8,"4":8,"5":8,"6":11,"7":11},"f":{"0":8},"b":{},"_coverageSchema":"1a1c01bbd47fc00a2c39e90264f33305004495a9","hash":"693fb2106bf5943a34682edf5966879cbfb72c4b"}
[...]
rt":{"line":242,"column":55},"end":{"line":242,"column":80}},"68":{"start":{"line":244,"column":16},"end":{"line":244,"column":35}},"69":{"start":{"line":245,"column":2},"end":{"line":245,"column":15}},"70":{"start":{"line":248,"column":23},"end":{"line":262,"column":1}},"71":{"start":{"line":249,"column":19},"end":{"line":255,"column":4}},"72":{"start":{"line":256,"column":2},"end":{"line":259,"column":31}},"73":{"start":{"line":257,"column":4},"end":{"line":257,"column":35}},"74":{"start":{"line":258,"column":7},"end":{"line":259,"column":31}},"75":{"start":{"line":259,"column":4},"end":{"line":259,"column":31}},"76":{"start":{"line":260,"column":16},"end":{"line":260,"column":37}},"77":{"start":{"line":261,"column":2},"end":{"line":261,"column":15}},"78":{"start":{"line":264,"column":23},"end":{"line":275,"column":1}},"79":{"start":{"line":265,"column":25},"end":{"line":265,"column":51}},"80":{"start":{"line":266,"column":2},"end":{"line":274,"column":3}},"81":{"start":{"line":267,"column":4},"end":{"line":267,"column":40}},"82":{"start":{"line":268,"column":4},"end":{"line":268,"column":32}},"83":{"start":{"line":270,"column":20},"end":{"line":272,"column":6}},"84":{"start":{"line":273,"column":4},"end":{"line":273,"column":25}},"85":{"start":{"line":277,"column":17},"end":{"line":293,"column":1}},"86":{"start":{"line":278,"column":16},"end":{"line":283,"column":4}},"87":{"start":{"line":285,"column":2},"end":{"line":289,"column":67}},"88":{"start":{"line":285,"column":48},"end":{"line":285,"column":74}},"89":{"start":{"line":286,"column":7},"end":{"line":289,"column":67}},"90":{"start":{"line":287,"column":4},"end":{"line":287,"column":33}},"91":{"start":{"line":288,"column":7},"end":{"line":289,"column":67}},"92":{"start":{"line":288,"column":53},"end":{"line":288,"column":80}},"93":{"start":{"line":289,"column":7},"end":{"line":289,"column":67}},"94":{"start":{"line":291,"column":16},"end":{"line":291,"column":34}},"95":{"start":{"line":292,"column":2},"end":{"line":292,"column":15}},"96":{"start":{"line":295,"column":0},"end":{"line":314,"column":2}}},"fnMap":{"0":{"name":"(anonymous_0)","decl":{"start":{"line":66,"column":19},"end":{"line":66,"column":20}},"loc":{"start":{"line":66,"column":31},"end":{"line":96,"column":1}},"line":66},"1":{"name":"(anonymous_1)","decl":{"start":{"line":135,"column":21},"end":{"line":135,"column":22}},"loc":{"start":{"line":135,"column":33},"end":{"line":145,"column":1}},"line":135},"2":{"name":"(anonymous_2)","decl":{"start":{"line":147,"column":17},"end":{"line":147,"column":18}},"loc":{"start":{"line":147,"column":38},"end":{"line":156,"column":1}},"line":147},"3":{"name":"(anonymous_3)","decl":{"start":{"line":158,"column":19},"end":{"line":158,"column":20}},"loc":{"start":{"line":158,"column":40},"end":{"line":168,"column":1}},"line":158},"4":{"name":"(anonymous_4)","decl":{"start":{"line":170,"column":21},"end":{"line":170,"column":22}},"loc":{"start":{"line":170,"column":42},"end":{"line":185,"column":1}},"line":170},"5":{"name":"(anonymous_5)","decl":{"start":{"line":187,"column":23},"end":{"line":187,"column":24}},"loc":{"start":{"line":187,"column":48},"end":{"line":197,"column":1}},"line":187},"6":{"name":"(anonymous_6)","decl":{"start":{"line":199,"column":21},"end":{"line":199,"column":22}},"loc":{"start":{"line":199,"column":44},"end":{"line":216,"column":1}},"line":199},"7":{"name":"(anonymous_7)","decl":{"start":{"line":218,"column":21},"end":{"line":218,"column":22}},"loc":{"start":{"line":218,"column":45},"end":{"line":232,"column":1}},"line":218},"8":{"name":"(anonymous_8)","decl":{"start":{"line":221,"column":22},"end":{"line":221,"column":23}},"loc":{"start":{"line":221,"column":37},"end":{"line":223,"column":3}},"line":221},"9":{"name":"(anonymous_9)","decl":{"start":{"line":234,"column":21},"end":{"line":234,"column":22}},"loc":{"start":{"line":234,"column":58},"end":{"line":246,"column":1}},"line":234},"10":{"name":"(anonymous_10)","decl":{"start":{"line":248,"column":23},"end":{"line":248,"column":24}},"loc":{"start":{"line":248,"column":62},"end":{"line":262,"column":1}},"line":248},"11":{"name":"(anonymous_11)","decl":{"start":{"line":264,"column":23},"end":{"line":264,"column":24}},"loc":{"start":{"line":264,"column":41},"end":{"line":275,"column":1}},"line":264},"12":{"name":"(anonymous_12)","decl":{"start":{"line":277,"column":17},"end":{"line":277,"column":18}},"loc":{"start":{"line":277,"column":51},"end":{"line":293,"column":1}},"line":277}},"branchMap":{"0":{"loc":{"start":{"line":241,"column":2},"end":{"line":242,"column":80}},"type":"if","locations":[{"start":{"line":241,"column":2},"end":{"line":242,"column":80}},{"start":{"line":241,"column":2},"end":{"line":242,"column":80}}],"line":241},"1":{"loc":{"start":{"line":242,"column":7},"end":{"line":242,"column":80}},"type":"if","locations":[{"start":{"line":242,"column":7},"end":{"line":242,"column":80}},{"start":{"line":242,"column":7},"end":{"line":242,"column":80}}],"line":242},"2":{"loc":{"start":{"line":256,"column":2},"end":{"line":259,"column":31}},"type":"if","locations":[{"start":{"line":256,"column":2},"end":{"line":259,"column":31}},{"start":{"line":256,"column":2},"end":{"line":259,"column":31}}],"line":256},"3":{"loc":{"start":{"line":258,"column":7},"end":{"line":259,"column":31}},"type":"if","locations":[{"start":{"line":258,"column":7},"end":{"line":259,"column":31}},{"start":{"line":258,"column":7},"end":{"line":259,"column":31}}],"line":258},"4":{"loc":{"start":{"line":266,"column":2},"end":{"line":274,"column":3}},"type":"if","locations":[{"start":{"line":266,"column":2},"end":{"line":274,"column":3}},{"start":{"line":266,"column":2},"end":{"line":274,"column":3}}],"line":266},"5":{"loc":{"start":{"line":285,"column":2},"end":{"line":289,"column":67}},"type":"if","locations":[{"start":{"line":285,"column":2},"end":{"line":289,"column":67}},{"start":{"line":285,"column":2},"end":{"line":289,"column":67}}],"line":285},"6":{"loc":{"start":{"line":286,"column":7},"end":{"line":289,"column":67}},"type":"if","locations":[{"start":{"line":286,"column":7},"end":{"line":289,"column":67}},{"start":{"line":286,"column":7},"end":{"line":289,"column":67}}],"line":286},"7":{"loc":{"start":{"line":288,"column":7},"end":{"line":289,"column":67}},"type":"if","locations":[{"start":{"line":288,"column":7},"end":{"line":289,"column":67}},{"start":{"line":288,"column":7},"end":{"line":289,"column":67}}],"line":288}},"s":{"0":11,"1":11,"2":11,"3":11,"4":11,"5":11,"6":11,"7":11,"8":11,"9":11,"10":11,"11":11,"12":11,"13":11,"14":11,"15":11,"16":11,"17":11,"18":14,"19":14,"20":14,"21":14,"22":11,"23":11,"24":1,"25":1,"26":11,"27":46,"28":46,"29":46,"30":46,"31":11,"32":42,"33":42,"34":42,"35":11,"36":38,"37":38,"38":163,"39":163,"40":163,"41":163,"42":163,"43":38,"44":11,"45":46,"46":46,"47":46,"48":11,"49":51,"50":51,"51":51,"52":51,"53":51,"54":11,"55":36,"56":36,"57":36,"58":128,"59":36,"60":36,"61":36,"62":11,"63":44,"64":44,"65":27,"66":17,"67":17,"68":44,"69":44,"70":11,"71":14,"72":14,"73":7,"74":7,"75":7,"76":14,"77":14,"78":11,"79":3,"80":3,"81":2,"82":2,"83":1,"84":1,"85":11,"86":0,"87":0,"88":0,"89":0,"90":0,"91":0,"92":0,"93":0,"94":0,"95":0,"96":11},"f":{"0":14,"1":1,"2":46,"3":42,"4":38,"5":46,"6":51,"7":36,"8":128,"9":44,"10":14,"11":3,"12":0},"b":{"0":[27,17],"1":[17,0],"2":[7,7],"3":[7,0],"4":[2,1],"5":[0,0],"6":[0,0],"7":[0,0]},"_coverageSchema":"1a1c01bbd47fc00a2c39e90264f33305004495a9","hash":"d801782b92a114f26c0d7988e4e4de8a5fe50e4c"}
,"C:\\Users\\Hp\\Desktop\\software-engineering-project\\backend\\utils\\authenticate.js": {"path":"C:\\Users\\Hp\\Desktop\\software-engineering-project\\backend\\utils\\authenticate.js","statementMap":{"0":{"start":{"line":1,"column":24},"end":{"line":1,"column":40}},"1":{"start":{"line":8,"column":21},"end":{"line":26,"column":1}},"2":{"start":{"line":9,"column":16},"end":{"line":9,"column":41}},"3":{"start":{"line":10,"column":2},"end":{"line":25,"column":3}},"4":{"start":{"line":11,"column":4},"end":{"line":20,"column":5}},"5":{"start":{"line":12,"column":19},"end":{"line":12,"column":37}},"6":{"start":{"line":13,"column":6},"end":{"line":13,"column":22}},"7":{"start":{"line":14,"column":6},"end":{"line":14,"column":13}},"8":{"start":{"line":16,"column":6},"end":{"line":16,"column":29}},"9":{"start":{"line":17,"column":6},"end":{"line":19,"column":9}},"10":{"start":{"line":22,"column":4},"end":{"line":24,"column":7}},"11":{"start":{"line":28,"column":0},"end":{"line":28,"column":30}}},"fnMap":{"0":{"name":"(anonymous_0)","decl":{"start":{"line":8,"column":21},"end":{"line":8,"column":22}},"loc":{"start":{"line":8,"column":41},"end":{"line":26,"column":1}},"line":8}},"branchMap":{"0":{"loc":{"start":{"line":10,"column":2},"end":{"line":25,"column":3}},"type":"if","locations":[{"start":{"line":10,"column":2},"end":{"line":25,"column":3}},{"start":{"line":10,"column":2},"end":{"line":25,"column":3}}],"line":10}},"s":{"0":11,"1":11,"2":62,"3":62,"4":61,"5":61,"6":60,"7":60,"8":1,"9":1,"10":1,"11":11},"f":{"0":62},"b":{"0":[61,1]},"_coverageSchema":"1a1c01bbd47fc00a2c39e90264f33305004495a9","hash":"61a3528cae106881c79cdac41be05c3a043e5042"}
,"C:\\Users\\Hp\\Desktop\\software-engineering-project\\backend\\utils\\errorHandler.js": {"path":"C:\\Users\\Hp\\Desktop\\software-engineering-project\\backend\\utils\\errorHandler.js","statementMap":{"0":{"start":{"line":1,"column":23},"end":{"line":12,"column":1}},"1":{"start":{"line":2,"column":13},"end":{"line":2,"column":15}},"2":{"start":{"line":3,"column":2},"end":{"line":10,"column":7}},"3":{"start":{"line":8,"column":25},"end":{"line":8,"column":37}},"4":{"start":{"line":9,"column":6},"end":{"line":9,"column":36}},"5":{"start":{"line":11,"column":2},"end":{"line":11,"column":14}},"6":{"start":{"line":13,"column":21},"end":{"line":27,"column":1}},"7":{"start":{"line":14,"column":2},"end":{"line":24,"column":3}},"8":{"start":{"line":15,"column":4},"end":{"line":15,"column":33}},"9":{"start":{"line":16,"column":9},"end":{"line":24,"column":3}},"10":{"start":{"line":17,"column":20},"end":{"line":17,"column":49}},"11":{"start":{"line":18,"column":4},"end":{"line":18,"column":52}},"12":{"start":{"line":19,"column":9},"end":{"line":24,"column":3}},"13":{"start":{"line":20,"column":20},"end":{"line":20,"column":49}},"14":{"start":{"line":21,"column":4},"end":{"line":21,"column":52}},"15":{"start":{"line":22,"column":9},"end":{"line":24,"column":3}},"16":{"start":{"line":23,"column":4},"end":{"line":23,"column":60}},"17":{"start":{"line":25,"column":2},"end":{"line":25,"column":41}},"18":{"start":{"line":26,"column":2},"end":{"line":26,"column":14}},"19":{"start":{"line":28,"column":0},"end":{"line":28,"column":30}}},"fnMap":{"0":{"name":"(anonymous_0)","decl":{"start":{"line":1,"column":23},"end":{"line":1,"column":24}},"loc":{"start":{"line":1,"column":32},"end":{"line":12,"column":1}},"line":1},"1":{"name":"(anonymous_1)","decl":{"start":{"line":7,"column":13},"end":{"line":7,"column":14}},"loc":{"start":{"line":7,"column":20},"end":{"line":10,"column":5}},"line":7},"2":{"name":"(anonymous_2)","decl":{"start":{"line":13,"column":21},"end":{"line":13,"column":22}},"loc":{"start":{"line":13,"column":48},"end":{"line":27,"column":1}},"line":13}},"branchMap":{"0":{"loc":{"start":{"line":14,"column":2},"end":{"line":24,"column":3}},"type":"if","locations":[{"start":{"line":14,"column":2},"end":{"line":24,"column":3}},{"start":{"line":14,"column":2},"end":{"line":24,"column":3}}],"line":14},"1":{"loc":{"start":{"line":16,"column":9},"end":{"line":24,"column":3}},"type":"if","locations":[{"start":{"line":16,"column":9},"end":{"line":24,"column":3}},{"start":{"line":16,"column":9},"end":{"line":24,"column":3}}],"line":16},"2":{"loc":{"start":{"line":19,"column":9},"end":{"line":24,"column":3}},"type":"if","locations":[{"start":{"line":19,"column":9},"end":{"line":24,"column":3}},{"start":{"line":19,"column":9},"end":{"line":24,"column":3}}],"line":19},"3":{"loc":{"start":{"line":22,"column":9},"end":{"line":24,"column":3}},"type":"if","locations":[{"start":{"line":22,"column":9},"end":{"line":24,"column":3}},{"start":{"line":22,"column":9},"end":{"line":24,"column":3}}],"line":22}},"s":{"0":11,"1":1,"2":1,"3":1,"4":1,"5":1,"6":11,"7":1,"8":0,"9":1,"10":1,"11":1,"12":0,"13":0,"14":0,"15":0,"16":0,"17":0,"18":0,"19":11},"f":{"0":1,"1":1,"2":1},"b":{"0":[0,1],"1":[1,0],"2":[0,0],"3":[0,0]},"_coverageSchema":"1a1c01bbd47fc00a2c39e90264f33305004495a9","hash":"2740d902366bd6fe72550d5d92f1fcccfa151363"}
,"C:\\Users\\Hp\\Desktop\\software-engineering-project\\backend\\utils\\jwt.js": {"path":"C:\\Users\\Hp\\Desktop\\software-engineering-project\\backend\\utils\\jwt.js","statementMap":{"0":{"start":{"line":4,"column":4},"end":{"line":4,"column":27}},"1":{"start":{"line":7,"column":4},"end":{"line":7,"column":25}},"2":{"start":{"line":9,"column":0},"end":{"line":13,"column":2}}},"fnMap":{},"branchMap":{},"s":{"0":11,"1":11,"2":11},"f":{},"b":{},"_coverageSchema":"1a1c01bbd47fc00a2c39e90264f33305004495a9","hash":"a68b8c664220b867a760ea1b50cbd0520daf5bae"}
,"C:\\Users\\Hp\\Desktop\\software-engineering-project\\backend\\utils\\sendEmail.js": {"path":"C:\\Users\\Hp\\Desktop\\software-engineering-project\\backend\\utils\\sendEmail.js","statementMap":{"0":{"start":{"line":1,"column":19},"end":{"line":1,"column":40}},"1":{"start":{"line":2,"column":29},"end":{"line":2,"column":50}},"2":{"start":{"line":4,"column":18},"end":{"line":7,"column":2}},"3":{"start":{"line":9,"column":14},"end":{"line":9,"column":38}},"4":{"start":{"line":11,"column":0},"end":{"line":75,"column":2}},"5":{"start":{"line":12,"column":13},"end":{"line":12,"column":249}},"6":{"start":{"line":13,"column":13},"end":{"line":58,"column":20}},"7":{"start":{"line":60,"column":20},"end":{"line":66,"column":3}},"8":{"start":{"line":68,"column":2},"end":{"line":74,"column":5}},"9":{"start":{"line":69,"column":4},"end":{"line":73,"column":5}},"10":{"start":{"line":70,"column":6},"end":{"line":70,"column":40}},"11":{"start":{"line":72,"column":6},"end":{"line":72,"column":50}},"12":{"start":{"line":77,"column":0},"end":{"line":148,"column":2}},"13":{"start":{"line":78,"column":13},"end":{"line":80,"column":4}},"14":{"start":{"line":81,"column":13},"end":{"line":131,"column":18}},"15":{"start":{"line":133,"column":20},"end":{"line":139,"column":3}},"16":{"start":{"line":141,"column":2},"end":{"line":147,"column":5}},"17":{"start":{"line":142,"column":4},"end":{"line":146,"column":5}},"18":{"start":{"line":143,"column":6},"end":{"line":143,"column":40}},"19":{"start":{"line":145,"column":6},"end":{"line":145,"column":50}},"20":{"start":{"line":150,"column":0},"end":{"line":225,"column":2}},"21":{"start":{"line":151,"column":13},"end":{"line":157,"column":4}},"22":{"start":{"line":158,"column":13},"end":{"line":208,"column":18}},"23":{"start":{"line":210,"column":20},"end":{"line":216,"column":3}},"24":{"start":{"line":218,"column":2},"end":{"line":224,"column":5}},"25":{"start":{"line":219,"column":4},"end":{"line":223,"column":5}},"26":{"start":{"line":220,"column":6},"end":{"line":220,"column":40}},"27":{"start":{"line":222,"column":6},"end":{"line":222,"column":50}},"28":{"start":{"line":227,"column":0},"end":{"line":302,"column":2}},"29":{"start":{"line":228,"column":13},"end":{"line":234,"column":4}},"30":{"start":{"line":235,"column":13},"end":{"line":285,"column":18}},"31":{"start":{"line":287,"column":20},"end":{"line":293,"column":3}},"32":{"start":{"line":295,"column":2},"end":{"line":301,"column":5}},"33":{"start":{"line":296,"column":4},"end":{"line":300,"column":5}},"34":{"start":{"line":297,"column":6},"end":{"line":297,"column":40}},"35":{"start":{"line":299,"column":6},"end":{"line":299,"column":50}},"36":{"start":{"line":304,"column":0},"end":{"line":367,"column":2}},"37":{"start":{"line":305,"column":13},"end":{"line":305,"column":176}},"38":{"start":{"line":306,"column":13},"end":{"line":350,"column":18}},"39":{"start":{"line":352,"column":20},"end":{"line":358,"column":3}},"40":{"start":{"line":360,"column":2},"end":{"line":366,"column":5}},"41":{"start":{"line":361,"column":4},"end":{"line":365,"column":5}},"42":{"start":{"line":362,"column":6},"end":{"line":362,"column":40}},"43":{"start":{"line":364,"column":6},"end":{"line":364,"column":50}},"44":{"start":{"line":369,"column":0},"end":{"line":375,"column":2}}},"fnMap":{"0":{"name":"(anonymous_0)","decl":{"start":{"line":11,"column":25},"end":{"line":11,"column":26}},"loc":{"start":{"line":11,"column":42},"end":{"line":75,"column":1}},"line":11},"1":{"name":"(anonymous_1)","decl":{"start":{"line":68,"column":36},"end":{"line":68,"column":37}},"loc":{"start":{"line":68,"column":59},"end":{"line":74,"column":3}},"line":68},"2":{"name":"(anonymous_2)","decl":{"start":{"line":77,"column":24},"end":{"line":77,"column":25}},"loc":{"start":{"line":77,"column":54},"end":{"line":148,"column":1}},"line":77},"3":{"name":"(anonymous_3)","decl":{"start":{"line":141,"column":36},"end":{"line":141,"column":37}},"loc":{"start":{"line":141,"column":59},"end":{"line":147,"column":3}},"line":141},"4":{"name":"(anonymous_4)","decl":{"start":{"line":150,"column":21},"end":{"line":150,"column":22}},"loc":{"start":{"line":150,"column":53},"end":{"line":225,"column":1}},"line":150},"5":{"name":"(anonymous_5)","decl":{"start":{"line":218,"column":36},"end":{"line":218,"column":37}},"loc":{"start":{"line":218,"column":59},"end":{"line":224,"column":3}},"line":218},"6":{"name":"(anonymous_6)","decl":{"start":{"line":227,"column":23},"end":{"line":227,"column":24}},"loc":{"start":{"line":227,"column":57},"end":{"line":302,"column":1}},"line":227},"7":{"name":"(anonymous_7)","decl":{"start":{"line":295,"column":36},"end":{"line":295,"column":37}},"loc":{"start":{"line":295,"column":59},"end":{"line":301,"column":3}},"line":295},"8":{"name":"(anonymous_8)","decl":{"start":{"line":304,"column":20},"end":{"line":304,"column":21}},"loc":{"start":{"line":304,"column":63},"end":{"line":367,"column":1}},"line":304},"9":{"name":"(anonymous_9)","decl":{"start":{"line":360,"column":36},"end":{"line":360,"column":37}},"loc":{"start":{"line":360,"column":59},"end":{"line":366,"column":3}},"line":360}},"branchMap":{"0":{"loc":{"start":{"line":69,"column":4},"end":{"line":73,"column":5}},"type":"if","locations":[{"start":{"line":69,"column":4},"end":{"line":73,"column":5}},{"start":{"line":69,"column":4},"end":{"line":73,"column":5}}],"line":69},"1":{"loc":{"start":{"line":142,"column":4},"end":{"line":146,"column":5}},"type":"if","locations":[{"start":{"line":142,"column":4},"end":{"line":146,"column":5}},{"start":{"line":142,"column":4},"end":{"line":146,"column":5}}],"line":142},"2":{"loc":{"start":{"line":219,"column":4},"end":{"line":223,"column":5}},"type":"if","locations":[{"start":{"line":219,"column":4},"end":{"line":223,"column":5}},{"start":{"line":219,"column":4},"end":{"line":223,"column":5}}],"line":219},"3":{"loc":{"start":{"line":296,"column":4},"end":{"line":300,"column":5}},"type":"if","locations":[{"start":{"line":296,"column":4},"end":{"line":300,"column":5}},{"start":{"line":296,"column":4},"end":{"line":300,"column":5}}],"line":296},"4":{"loc":{"start":{"line":361,"column":4},"end":{"line":365,"column":5}},"type":"if","locations":[{"start":{"line":361,"column":4},"end":{"line":365,"column":5}},{"start":{"line":361,"column":4},"end":{"line":365,"column":5}}],"line":361}},"s":{"0":11,"1":11,"2":11,"3":11,"4":11,"5":0,"6":0,"7":0,"8":0,"9":0,"10":0,"11":0,"12":11,"13":4,"14":4,"15":4,"16":4,"17":0,"18":0,"19":0,"20":11,"21":0,"22":0,"23":0,"24":0,"25":0,"26":0,"27":0,"28":11,"29":0,"30":0,"31":0,"32":0,"33":0,"34":0,"35":0,"36":11,"37":0,"38":0,"39":0,"40":0,"41":0,"42":0,"43":0,"44":11},"f":{"0":0,"1":0,"2":4,"3":0,"4":0,"5":0,"6":0,"7":0,"8":0,"9":0},"b":{"0":[0,0],"1":[0,0],"2":[0,0],"3":[0,0],"4":[0,0]},"_coverageSchema":"1a1c01bbd47fc00a2c39e90264f33305004495a9","hash":"cfde149cdb3216290ecdcda342dd25e34db67d4f"}
}
