TN:
SF:app.js
FN:36,(anonymous_0)
FN:39,(anonymous_1)
FNF:2
FNH:1
FNDA:11,(anonymous_0)
FNDA:0,(anonymous_1)
DA:1,11
DA:2,11
DA:3,11
DA:4,11
DA:5,11
DA:7,11
DA:8,11
DA:9,11
DA:10,11
DA:11,11
DA:12,11
DA:13,11
DA:14,11
DA:17,11
DA:18,11
DA:23,11
DA:26,11
DA:27,11
DA:28,11
DA:29,11
DA:30,11
DA:31,11
DA:32,11
DA:33,11
DA:36,11
DA:37,11
DA:39,11
DA:40,0
DA:48,11
LF:29
LH:28
BRF:0
BRH:0
end_of_record
TN:
SF:db.js
FNF:0
FNH:0
DA:1,11
DA:2,11
DA:4,11
DA:10,11
DA:11,11
DA:13,11
LF:6
LH:6
BRF:0
BRH:0
end_of_record
TN:
SF:strings.js
FNF:0
FNH:0
DA:3,11
DA:4,0
DA:6,11
DA:7,0
DA:9,11
DA:10,11
DA:13,11
DA:15,11
DA:20,11
LF:9
LH:7
BRDA:3,0,0,0
BRDA:3,0,1,11
BRDA:6,1,0,0
BRDA:6,1,1,11
BRDA:9,2,0,11
BRDA:9,2,1,0
BRF:6
BRH:3
end_of_record
TN:
SF:controllers\adminController.js
FN:13,(anonymous_0)
FN:23,(anonymous_1)
FN:29,(anonymous_2)
FN:37,(anonymous_3)
FN:62,(anonymous_4)
FN:88,(anonymous_5)
FN:120,(anonymous_6)
FN:136,(anonymous_7)
FN:152,(anonymous_8)
FN:177,(anonymous_9)
FN:186,(anonymous_10)
FNF:11
FNH:11
FNDA:5,(anonymous_0)
FNDA:3,(anonymous_1)
FNDA:2,(anonymous_2)
FNDA:1,(anonymous_3)
FNDA:3,(anonymous_4)
FNDA:3,(anonymous_5)
FNDA:4,(anonymous_6)
FNDA:4,(anonymous_7)
FNDA:4,(anonymous_8)
FNDA:3,(anonymous_9)
FNDA:2,(anonymous_10)
DA:1,11
DA:2,11
DA:3,11
DA:4,11
DA:5,11
DA:6,11
DA:7,11
DA:8,11
DA:9,11
DA:10,11
DA:13,11
DA:14,5
DA:15,5
DA:16,5
DA:17,2
DA:21,3
DA:24,3
DA:25,0
DA:26,0
DA:28,3
DA:29,2
DA:30,2
DA:31,1
DA:38,1
DA:39,0
DA:40,0
DA:42,1
DA:43,1
DA:44,1
DA:45,1
DA:49,1
DA:53,1
DA:62,11
DA:63,3
DA:64,3
DA:65,1
DA:67,2
DA:68,2
DA:70,2
DA:71,2
DA:72,1
DA:74,1
DA:75,1
DA:76,0
DA:77,0
DA:79,1
DA:82,1
DA:84,1
DA:88,11
DA:89,3
DA:90,3
DA:91,0
DA:93,3
DA:94,3
DA:96,3
DA:97,3
DA:98,1
DA:102,2
DA:103,5
DA:104,5
DA:105,5
DA:106,5
DA:112,5
DA:113,4
DA:116,1
DA:120,11
DA:121,4
DA:122,4
DA:123,1
DA:125,3
DA:126,3
DA:128,2
DA:129,2
DA:130,1
DA:134,1
DA:135,1
DA:136,1
DA:137,4
DA:140,1
DA:141,0
DA:142,1
DA:147,1
DA:148,1
DA:152,11
DA:153,4
DA:154,4
DA:155,4
DA:156,2
DA:158,2
DA:160,2
DA:161,1
DA:162,1
DA:163,2
DA:164,2
DA:166,1
DA:169,2
DA:170,1
DA:172,2
DA:173,2
DA:177,11
DA:178,3
DA:179,3
DA:180,3
DA:181,1
DA:182,1
DA:186,11
DA:187,2
DA:188,2
DA:189,2
DA:190,1
DA:193,1
DA:197,1
DA:200,11
LF:113
LH:105
BRDA:16,0,0,2
BRDA:16,0,1,3
BRDA:16,1,0,5
BRDA:16,1,1,5
BRDA:24,2,0,0
BRDA:24,2,1,3
BRDA:28,3,0,2
BRDA:28,3,1,1
BRDA:30,4,0,1
BRDA:30,4,1,1
BRDA:38,5,0,0
BRDA:38,5,1,1
BRDA:64,6,0,1
BRDA:64,6,1,2
BRDA:64,7,0,3
BRDA:64,7,1,2
BRDA:68,8,0,0
BRDA:68,8,1,2
BRDA:71,9,0,1
BRDA:71,9,1,1
BRDA:75,10,0,0
BRDA:75,10,1,1
BRDA:90,11,0,0
BRDA:90,11,1,3
BRDA:94,12,0,0
BRDA:94,12,1,3
BRDA:97,13,0,1
BRDA:97,13,1,2
BRDA:122,14,0,1
BRDA:122,14,1,3
BRDA:126,15,0,1
BRDA:126,15,1,2
BRDA:129,16,0,1
BRDA:129,16,1,1
BRDA:129,17,0,2
BRDA:129,17,1,1
BRDA:140,18,0,0
BRDA:140,18,1,1
BRDA:155,19,0,2
BRDA:155,19,1,2
BRDA:160,20,0,1
BRDA:160,20,1,1
BRDA:169,21,0,1
BRDA:169,21,1,1
BRDA:180,22,0,2
BRDA:180,22,1,1
BRDA:189,23,0,1
BRDA:189,23,1,1
BRF:48
BRH:41
end_of_record
TN:
SF:controllers\appealController.js
FN:8,(anonymous_0)
FN:37,(anonymous_1)
FN:57,(anonymous_2)
FN:79,(anonymous_3)
FN:84,(anonymous_4)
FNF:5
FNH:2
FNDA:15,(anonymous_0)
FNDA:15,(anonymous_1)
FNDA:0,(anonymous_2)
FNDA:0,(anonymous_3)
FNDA:0,(anonymous_4)
DA:1,11
DA:2,11
DA:3,11
DA:4,11
DA:5,11
DA:8,11
DA:9,15
DA:10,15
DA:13,15
DA:14,5
DA:15,10
DA:16,8
DA:17,2
DA:18,2
DA:21,15
DA:23,12
DA:24,6
DA:33,6
DA:37,15
DA:40,2
DA:43,4
DA:45,6
DA:50,3
DA:52,3
DA:53,3
DA:57,11
DA:58,0
DA:59,0
DA:61,0
DA:69,0
DA:72,0
DA:73,0
DA:74,0
DA:75,0
DA:76,0
DA:79,0
DA:80,0
DA:81,0
DA:84,0
DA:85,0
DA:88,11
LF:41
LH:27
BRDA:13,0,0,5
BRDA:13,0,1,10
BRDA:15,1,0,8
BRDA:15,1,1,2
BRDA:17,2,0,2
BRDA:17,2,1,0
BRDA:21,3,0,3
BRDA:21,3,1,12
BRDA:23,4,0,6
BRDA:23,4,1,6
BRDA:33,5,0,2
BRDA:33,5,1,4
BRDA:34,6,0,6
BRDA:34,6,1,6
BRDA:34,6,2,4
BRDA:45,7,0,3
BRDA:45,7,1,3
BRDA:46,8,0,6
BRDA:46,8,1,5
BRDA:46,8,2,5
BRDA:61,9,0,0
BRDA:61,9,1,0
BRDA:63,10,0,0
BRDA:63,10,1,0
BRDA:63,10,2,0
BRDA:63,10,3,0
BRDA:84,11,0,0
BRDA:84,11,1,0
BRF:28
BRH:19
end_of_record
TN:
SF:controllers\authorityController.js
FN:12,(anonymous_0)
FN:30,(anonymous_1)
FN:56,(anonymous_2)
FN:63,(anonymous_3)
FN:78,(anonymous_4)
FN:85,(anonymous_5)
FN:99,(anonymous_6)
FN:108,(anonymous_7)
FNF:8
FNH:7
FNDA:6,(anonymous_0)
FNDA:0,(anonymous_1)
FNDA:2,(anonymous_2)
FNDA:1,(anonymous_3)
FNDA:2,(anonymous_4)
FNDA:1,(anonymous_5)
FNDA:3,(anonymous_6)
FNDA:1,(anonymous_7)
DA:1,11
DA:2,11
DA:3,11
DA:4,11
DA:5,11
DA:6,11
DA:7,11
DA:8,11
DA:12,11
DA:13,6
DA:14,6
DA:17,6
DA:18,2
DA:19,4
DA:20,2
DA:21,2
DA:22,2
DA:25,6
DA:26,3
DA:27,3
DA:30,11
DA:31,0
DA:32,0
DA:33,0
DA:37,0
DA:38,0
DA:39,0
DA:40,0
DA:41,0
DA:42,0
DA:49,0
DA:50,0
DA:51,0
DA:52,0
DA:56,11
DA:57,2
DA:58,2
DA:59,2
DA:60,1
DA:61,1
DA:62,1
DA:63,1
DA:64,1
DA:66,1
DA:73,1
DA:74,1
DA:78,11
DA:79,2
DA:80,2
DA:81,2
DA:82,1
DA:83,1
DA:84,1
DA:85,1
DA:86,1
DA:88,1
DA:95,1
DA:99,11
DA:100,3
DA:101,3
DA:102,3
DA:103,3
DA:104,1
DA:108,11
DA:109,1
DA:110,1
DA:120,1
DA:121,1
DA:122,1
DA:125,11
LF:70
LH:57
BRDA:17,0,0,2
BRDA:17,0,1,4
BRDA:19,1,0,2
BRDA:19,1,1,2
BRDA:21,2,0,2
BRDA:21,2,1,0
BRDA:25,3,0,3
BRDA:25,3,1,3
BRDA:32,4,0,0
BRDA:32,4,1,0
BRDA:32,5,0,0
BRDA:32,5,1,0
BRDA:38,6,0,0
BRDA:38,6,1,0
BRDA:40,7,0,0
BRDA:40,7,1,0
BRDA:59,8,0,1
BRDA:59,8,1,1
BRDA:81,9,0,1
BRDA:81,9,1,1
BRDA:103,10,0,2
BRDA:103,10,1,1
BRDA:120,11,0,0
BRDA:120,11,1,1
BRF:24
BRH:14
end_of_record
TN:
SF:controllers\groupController.js
FN:6,(anonymous_0)
FN:24,(anonymous_1)
FNF:2
FNH:2
FNDA:6,(anonymous_0)
FNDA:6,(anonymous_1)
DA:1,11
DA:2,11
DA:3,11
DA:4,11
DA:6,11
DA:7,6
DA:8,6
DA:11,6
DA:12,2
DA:13,4
DA:14,2
DA:15,2
DA:16,2
DA:19,6
DA:20,3
DA:21,3
DA:24,11
DA:25,6
DA:26,6
DA:27,6
DA:30,6
DA:31,2
DA:32,4
DA:33,2
DA:34,2
DA:35,2
DA:38,6
DA:40,3
DA:41,3
DA:42,3
DA:45,11
LF:31
LH:31
BRDA:11,0,0,2
BRDA:11,0,1,4
BRDA:13,1,0,2
BRDA:13,1,1,2
BRDA:15,2,0,2
BRDA:15,2,1,0
BRDA:19,3,0,3
BRDA:19,3,1,3
BRDA:30,4,0,2
BRDA:30,4,1,4
BRDA:32,5,0,2
BRDA:32,5,1,2
BRDA:34,6,0,2
BRDA:34,6,1,0
BRDA:38,7,0,3
BRDA:38,7,1,3
BRDA:41,8,0,0
BRDA:41,8,1,3
BRF:18
BRH:15
end_of_record
TN:
SF:controllers\petitionController.js
FN:5,(anonymous_0)
FN:29,(anonymous_1)
FN:37,(anonymous_2)
FN:47,(anonymous_3)
FN:53,(anonymous_4)
FN:58,(anonymous_5)
FNF:6
FNH:0
FNDA:0,(anonymous_0)
FNDA:0,(anonymous_1)
FNDA:0,(anonymous_2)
FNDA:0,(anonymous_3)
FNDA:0,(anonymous_4)
FNDA:0,(anonymous_5)
DA:1,11
DA:2,11
DA:3,11
DA:5,11
DA:6,0
DA:7,0
DA:8,0
DA:10,0
DA:11,0
DA:20,0
DA:26,0
DA:29,11
DA:30,0
DA:31,0
DA:32,0
DA:34,0
DA:35,0
DA:37,0
DA:38,0
DA:39,0
DA:42,0
DA:43,0
DA:44,0
DA:47,11
DA:48,0
DA:49,0
DA:50,0
DA:51,0
DA:52,0
DA:53,0
DA:54,0
DA:55,0
DA:58,0
DA:59,0
DA:62,11
LF:35
LH:7
BRDA:8,0,0,0
BRDA:8,0,1,0
BRDA:10,1,0,0
BRDA:10,1,1,0
BRDA:32,2,0,0
BRDA:32,2,1,0
BRDA:35,3,0,0
BRDA:35,3,1,0
BRDA:38,4,0,0
BRDA:38,4,1,0
BRDA:58,5,0,0
BRDA:58,5,1,0
BRF:12
BRH:0
end_of_record
TN:
SF:controllers\replyController.js
FN:7,(anonymous_0)
FNF:1
FNH:0
FNDA:0,(anonymous_0)
DA:1,11
DA:2,11
DA:3,11
DA:4,11
DA:5,11
DA:7,11
DA:8,0
DA:11,0
DA:12,0
DA:13,0
DA:14,0
DA:15,0
DA:16,0
DA:17,0
DA:18,0
DA:19,0
DA:22,0
DA:23,0
DA:25,0
DA:32,0
DA:33,0
DA:34,0
DA:35,0
DA:36,0
DA:38,0
DA:40,0
DA:44,0
DA:45,0
DA:52,0
DA:53,0
DA:56,0
DA:64,0
DA:67,0
DA:76,0
DA:79,11
LF:35
LH:7
BRDA:11,0,0,0
BRDA:11,0,1,0
BRDA:14,1,0,0
BRDA:14,1,1,0
BRDA:17,2,0,0
BRDA:17,2,1,0
BRDA:22,3,0,0
BRDA:22,3,1,0
BRDA:22,4,0,0
BRDA:22,4,1,0
BRDA:32,5,0,0
BRDA:32,5,1,0
BRDA:33,6,0,0
BRDA:33,6,1,0
BRDA:35,7,0,0
BRDA:35,7,1,0
BRDA:44,8,0,0
BRDA:44,8,1,0
BRDA:52,9,0,0
BRDA:52,9,1,0
BRF:20
BRH:0
end_of_record
TN:
SF:controllers\studentController.js
FN:12,(anonymous_0)
FN:43,(anonymous_1)
FN:51,(anonymous_2)
FN:60,(anonymous_3)
FN:69,(anonymous_4)
FN:94,(anonymous_5)
FN:112,(anonymous_6)
FN:122,(anonymous_7)
FN:134,(anonymous_8)
FN:153,(anonymous_9)
FN:163,(anonymous_10)
FNF:11
FNH:2
FNDA:3,(anonymous_0)
FNDA:0,(anonymous_1)
FNDA:0,(anonymous_2)
FNDA:1,(anonymous_3)
FNDA:0,(anonymous_4)
FNDA:0,(anonymous_5)
FNDA:0,(anonymous_6)
FNDA:0,(anonymous_7)
FNDA:0,(anonymous_8)
FNDA:0,(anonymous_9)
FNDA:0,(anonymous_10)
DA:1,11
DA:2,11
DA:3,11
DA:4,11
DA:5,11
DA:6,11
DA:7,11
DA:8,11
DA:9,11
DA:10,11
DA:12,11
DA:13,3
DA:17,3
DA:18,3
DA:19,2
DA:20,2
DA:23,2
DA:24,0
DA:27,2
DA:28,2
DA:29,1
DA:34,1
DA:36,1
DA:37,1
DA:43,11
DA:44,0
DA:45,0
DA:46,0
DA:47,0
DA:48,0
DA:51,11
DA:52,0
DA:53,0
DA:54,0
DA:55,0
DA:56,0
DA:57,0
DA:60,11
DA:61,1
DA:62,1
DA:63,1
DA:64,1
DA:65,1
DA:66,1
DA:69,11
DA:70,0
DA:71,0
DA:72,0
DA:76,0
DA:77,0
DA:78,0
DA:79,0
DA:80,0
DA:81,0
DA:88,0
DA:89,0
DA:90,0
DA:91,0
DA:94,11
DA:95,0
DA:96,0
DA:97,0
DA:98,0
DA:99,0
DA:104,0
DA:105,0
DA:106,0
DA:107,0
DA:109,0
DA:110,0
DA:111,0
DA:112,0
DA:113,0
DA:116,0
DA:118,0
DA:119,0
DA:122,11
DA:123,0
DA:124,0
DA:125,0
DA:126,0
DA:128,0
DA:131,0
DA:134,11
DA:135,0
DA:136,0
DA:137,0
DA:138,0
DA:139,0
DA:145,0
DA:146,0
DA:147,0
DA:148,0
DA:150,0
DA:151,0
DA:152,0
DA:153,0
DA:154,0
DA:157,0
DA:159,0
DA:160,0
DA:163,11
DA:164,0
DA:165,0
DA:166,0
DA:167,0
DA:169,0
DA:173,0
DA:176,11
LF:109
LH:38
BRDA:23,0,0,0
BRDA:23,0,1,2
BRDA:28,1,0,1
BRDA:28,1,1,1
BRDA:47,2,0,0
BRDA:47,2,1,0
BRDA:55,3,0,0
BRDA:55,3,1,0
BRDA:71,4,0,0
BRDA:71,4,1,0
BRDA:71,5,0,0
BRDA:71,5,1,0
BRDA:77,6,0,0
BRDA:77,6,1,0
BRDA:79,7,0,0
BRDA:79,7,1,0
BRDA:97,8,0,0
BRDA:97,8,1,0
BRDA:104,9,0,0
BRDA:104,9,1,0
BRDA:109,10,0,0
BRDA:109,10,1,0
BRDA:125,11,0,0
BRDA:125,11,1,0
BRDA:137,12,0,0
BRDA:137,12,1,0
BRDA:145,13,0,0
BRDA:145,13,1,0
BRDA:150,14,0,0
BRDA:150,14,1,0
BRDA:166,15,0,0
BRDA:166,15,1,0
BRF:32
BRH:3
end_of_record
TN:
SF:models\Admin.js
FN:25,(anonymous_0)
FNF:1
FNH:1
FNDA:1,(anonymous_0)
DA:1,11
DA:2,11
DA:4,11
DA:24,11
DA:26,1
DA:27,1
DA:28,1
DA:29,1
DA:33,11
DA:34,11
DA:35,11
LF:11
LH:11
BRF:0
BRH:0
end_of_record
TN:
SF:models\Appeal.js
FN:40,(anonymous_0)
FNF:1
FNH:1
FNDA:22,(anonymous_0)
DA:1,11
DA:3,11
DA:39,11
DA:41,22
DA:42,22
DA:43,22
DA:47,11
DA:48,11
LF:8
LH:8
BRF:0
BRH:0
end_of_record
TN:
SF:models\Authority.js
FN:25,(anonymous_0)
FNF:1
FNH:1
FNDA:128,(anonymous_0)
DA:1,11
DA:2,11
DA:4,11
DA:24,11
DA:26,128
DA:27,128
DA:28,128
DA:29,128
DA:33,11
DA:36,11
DA:37,11
LF:11
LH:11
BRF:0
BRH:0
end_of_record
TN:
SF:models\Group.js
FN:24,(anonymous_0)
FNF:1
FNH:1
FNDA:31,(anonymous_0)
DA:1,11
DA:3,11
DA:23,11
DA:25,31
DA:26,31
DA:27,31
DA:31,11
DA:32,11
LF:8
LH:8
BRF:0
BRH:0
end_of_record
TN:
SF:models\Petition.js
FN:46,(anonymous_0)
FNF:1
FNH:1
FNDA:8,(anonymous_0)
DA:1,11
DA:3,11
DA:45,11
DA:47,8
DA:48,8
DA:49,8
DA:53,11
DA:54,11
LF:8
LH:8
BRF:0
BRH:0
end_of_record
TN:
SF:models\Reply.js
FN:44,(anonymous_0)
FNF:1
FNH:0
FNDA:0,(anonymous_0)
DA:1,11
DA:3,11
DA:43,11
DA:45,0
DA:46,0
DA:47,0
DA:51,11
DA:52,11
LF:8
LH:5
BRF:0
BRH:0
end_of_record
TN:
SF:models\Settings.js
FN:13,(anonymous_0)
FNF:1
FNH:0
FNDA:0,(anonymous_0)
DA:1,11
DA:2,11
DA:4,11
DA:12,11
DA:14,0
DA:15,0
DA:16,0
DA:20,11
DA:21,11
DA:22,11
LF:10
LH:7
BRF:0
BRH:0
end_of_record
TN:
SF:models\Student.js
FN:37,(anonymous_0)
FNF:1
FNH:1
FNDA:39,(anonymous_0)
DA:1,11
DA:2,11
DA:4,11
DA:36,11
DA:38,39
DA:39,39
DA:40,39
DA:41,39
DA:45,11
DA:48,11
DA:49,11
LF:11
LH:11
BRF:0
BRH:0
end_of_record
TN:
SF:routes\adminRouter.js
FNF:0
FNH:0
DA:1,11
DA:2,11
DA:11,11
DA:12,11
DA:14,11
DA:15,11
DA:16,11
DA:17,11
DA:18,11
DA:22,11
DA:24,11
LF:11
LH:11
BRF:0
BRH:0
end_of_record
TN:
SF:routes\appealRouter.js
FNF:0
FNH:0
DA:1,11
DA:2,11
DA:6,11
DA:7,11
DA:9,11
DA:10,11
DA:12,11
LF:7
LH:7
BRF:0
BRH:0
end_of_record
TN:
SF:routes\authorityRouter.js
FNF:0
FNH:0
DA:1,11
DA:2,11
DA:10,11
DA:11,11
DA:13,11
DA:17,11
DA:18,11
DA:19,11
DA:20,11
DA:22,11
LF:10
LH:10
BRF:0
BRH:0
end_of_record
TN:
SF:routes\groupRouter.js
FNF:0
FNH:0
DA:1,11
DA:2,11
DA:3,11
DA:4,11
DA:6,11
DA:7,11
DA:9,11
LF:7
LH:7
BRF:0
BRH:0
end_of_record
TN:
SF:routes\petitionRouter.js
FNF:0
FNH:0
DA:1,11
DA:2,11
DA:7,11
DA:8,11
DA:10,11
DA:11,11
DA:12,11
DA:14,11
LF:8
LH:8
BRF:0
BRH:0
end_of_record
TN:
SF:routes\replyRouter.js
FNF:0
FNH:0
DA:1,11
DA:2,11
DA:3,11
DA:4,11
DA:6,11
DA:8,11
LF:6
LH:6
BRF:0
BRH:0
end_of_record
TN:
SF:routes\studentRouter.js
FNF:0
FNH:0
DA:1,11
DA:2,11
DA:13,11
DA:14,11
DA:16,11
DA:20,11
DA:21,11
DA:22,11
DA:23,11
DA:28,11
DA:29,11
DA:31,11
LF:12
LH:12
BRF:0
BRH:0
end_of_record
TN:
SF:tests\testHelper.js
FN:66,(anonymous_0)
FN:135,(anonymous_1)
FN:147,(anonymous_2)
FN:158,(anonymous_3)
FN:170,(anonymous_4)
FN:187,(anonymous_5)
FN:199,(anonymous_6)
FN:218,(anonymous_7)
FN:221,(anonymous_8)
FN:234,(anonymous_9)
FN:248,(anonymous_10)
FN:264,(anonymous_11)
FN:277,(anonymous_12)
FNF:13
FNH:12
FNDA:14,(anonymous_0)
FNDA:1,(anonymous_1)
FNDA:46,(anonymous_2)
FNDA:42,(anonymous_3)
FNDA:38,(anonymous_4)
FNDA:46,(anonymous_5)
FNDA:51,(anonymous_6)
FNDA:36,(anonymous_7)
FNDA:128,(anonymous_8)
FNDA:44,(anonymous_9)
FNDA:14,(anonymous_10)
FNDA:3,(anonymous_11)
FNDA:0,(anonymous_12)
DA:1,11
DA:2,11
DA:3,11
DA:4,11
DA:5,11
DA:6,11
DA:7,11
DA:8,11
DA:9,11
DA:10,11
DA:11,11
DA:12,11
DA:14,11
DA:27,11
DA:34,11
DA:40,11
DA:53,11
DA:66,11
DA:68,14
DA:76,14
DA:84,14
DA:91,14
DA:98,11
DA:135,11
DA:136,1
DA:144,1
DA:147,11
DA:148,46
DA:149,46
DA:154,46
DA:155,46
DA:158,11
DA:159,42
DA:160,42
DA:167,42
DA:170,11
DA:171,38
DA:172,38
DA:173,163
DA:174,163
DA:175,163
DA:181,163
DA:182,163
DA:184,38
DA:187,11
DA:188,46
DA:189,46
DA:196,46
DA:199,11
DA:200,51
DA:201,51
DA:206,51
DA:208,51
DA:215,51
DA:218,11
DA:219,36
DA:220,36
DA:221,36
DA:222,128
DA:225,36
DA:230,36
DA:231,36
DA:234,11
DA:235,44
DA:241,44
DA:242,17
DA:244,44
DA:245,44
DA:248,11
DA:249,14
DA:256,14
DA:257,7
DA:258,7
DA:259,7
DA:260,14
DA:261,14
DA:264,11
DA:265,3
DA:266,3
DA:267,2
DA:268,2
DA:270,1
DA:273,1
DA:277,11
DA:278,0
DA:285,0
DA:286,0
DA:287,0
DA:288,0
DA:289,0
DA:291,0
DA:292,0
DA:295,11
LF:93
LH:85
BRDA:241,0,0,27
BRDA:241,0,1,17
BRDA:242,1,0,17
BRDA:242,1,1,0
BRDA:256,2,0,7
BRDA:256,2,1,7
BRDA:258,3,0,7
BRDA:258,3,1,0
BRDA:266,4,0,2
BRDA:266,4,1,1
BRDA:285,5,0,0
BRDA:285,5,1,0
BRDA:286,6,0,0
BRDA:286,6,1,0
BRDA:288,7,0,0
BRDA:288,7,1,0
BRF:16
BRH:8
end_of_record
TN:
SF:utils\authenticate.js
FN:8,(anonymous_0)
FNF:1
FNH:1
FNDA:62,(anonymous_0)
DA:1,11
DA:8,11
DA:9,62
DA:10,62
DA:11,61
DA:12,61
DA:13,60
DA:14,60
DA:16,1
DA:17,1
DA:22,1
DA:28,11
LF:12
LH:12
BRDA:10,0,0,61
BRDA:10,0,1,1
BRF:2
BRH:2
end_of_record
TN:
SF:utils\errorHandler.js
FN:1,(anonymous_0)
FN:7,(anonymous_1)
FN:13,(anonymous_2)
FNF:3
FNH:3
FNDA:1,(anonymous_0)
FNDA:1,(anonymous_1)
FNDA:1,(anonymous_2)
DA:1,11
DA:2,1
DA:3,1
DA:8,1
DA:9,1
DA:11,1
DA:13,11
DA:14,1
DA:15,0
DA:16,1
DA:17,1
DA:18,1
DA:19,0
DA:20,0
DA:21,0
DA:22,0
DA:23,0
DA:25,0
DA:26,0
DA:28,11
LF:20
LH:12
BRDA:14,0,0,0
BRDA:14,0,1,1
BRDA:16,1,0,1
BRDA:16,1,1,0
BRDA:19,2,0,0
BRDA:19,2,1,0
BRDA:22,3,0,0
BRDA:22,3,1,0
BRF:8
BRH:2
end_of_record
TN:
SF:utils\jwt.js
FNF:0
FNH:0
DA:4,11
DA:7,11
DA:9,11
LF:3
LH:3
BRF:0
BRH:0
end_of_record
TN:
SF:utils\sendEmail.js
FN:11,(anonymous_0)
FN:68,(anonymous_1)
FN:77,(anonymous_2)
FN:141,(anonymous_3)
FN:150,(anonymous_4)
FN:218,(anonymous_5)
FN:227,(anonymous_6)
FN:295,(anonymous_7)
FN:304,(anonymous_8)
FN:360,(anonymous_9)
FNF:10
FNH:1
FNDA:0,(anonymous_0)
FNDA:0,(anonymous_1)
FNDA:4,(anonymous_2)
FNDA:0,(anonymous_3)
FNDA:0,(anonymous_4)
FNDA:0,(anonymous_5)
FNDA:0,(anonymous_6)
FNDA:0,(anonymous_7)
FNDA:0,(anonymous_8)
FNDA:0,(anonymous_9)
DA:1,11
DA:2,11
DA:4,11
DA:9,11
DA:11,11
DA:12,0
DA:13,0
DA:60,0
DA:68,0
DA:69,0
DA:70,0
DA:72,0
DA:77,11
DA:78,4
DA:81,4
DA:133,4
DA:141,4
DA:142,0
DA:143,0
DA:145,0
DA:150,11
DA:151,0
DA:158,0
DA:210,0
DA:218,0
DA:219,0
DA:220,0
DA:222,0
DA:227,11
DA:228,0
DA:235,0
DA:287,0
DA:295,0
DA:296,0
DA:297,0
DA:299,0
DA:304,11
DA:305,0
DA:306,0
DA:352,0
DA:360,0
DA:361,0
DA:362,0
DA:364,0
DA:369,11
LF:45
LH:14
BRDA:69,0,0,0
BRDA:69,0,1,0
BRDA:142,1,0,0
BRDA:142,1,1,0
BRDA:219,2,0,0
BRDA:219,2,1,0
BRDA:296,3,0,0
BRDA:296,3,1,0
BRDA:361,4,0,0
BRDA:361,4,1,0
BRF:10
BRH:0
end_of_record
